{"/Users/sargiskhachatryan/repos/new_shit/server/middleware/auth.js": {"path":"/Users/sargiskhachatryan/repos/new_shit/server/middleware/auth.js","statementMap":{"0":{"start":{"line":3,"column":19},"end":{"line":3,"column":83}},"1":{"start":{"line":6,"column":21},"end":{"line":6,"column":49}},"2":{"start":{"line":7,"column":16},"end":{"line":7,"column":54}},"3":{"start":{"line":9,"column":2},"end":{"line":11,"column":3}},"4":{"start":{"line":10,"column":4},"end":{"line":10,"column":68}},"5":{"start":{"line":13,"column":2},"end":{"line":19,"column":5}},"6":{"start":{"line":14,"column":4},"end":{"line":16,"column":5}},"7":{"start":{"line":15,"column":6},"end":{"line":15,"column":73}},"8":{"start":{"line":17,"column":4},"end":{"line":17,"column":20}},"9":{"start":{"line":18,"column":4},"end":{"line":18,"column":11}}},"fnMap":{"0":{"name":"authenticateToken","decl":{"start":{"line":5,"column":16},"end":{"line":5,"column":33}},"loc":{"start":{"line":5,"column":50},"end":{"line":20,"column":1}},"line":5},"1":{"name":"(anonymous_1)","decl":{"start":{"line":13,"column":32},"end":{"line":13,"column":33}},"loc":{"start":{"line":13,"column":47},"end":{"line":19,"column":3}},"line":13}},"branchMap":{"0":{"loc":{"start":{"line":3,"column":19},"end":{"line":3,"column":83}},"type":"binary-expr","locations":[{"start":{"line":3,"column":19},"end":{"line":3,"column":41}},{"start":{"line":3,"column":45},"end":{"line":3,"column":83}}],"line":3},"1":{"loc":{"start":{"line":7,"column":16},"end":{"line":7,"column":54}},"type":"binary-expr","locations":[{"start":{"line":7,"column":16},"end":{"line":7,"column":26}},{"start":{"line":7,"column":30},"end":{"line":7,"column":54}}],"line":7},"2":{"loc":{"start":{"line":9,"column":2},"end":{"line":11,"column":3}},"type":"if","locations":[{"start":{"line":9,"column":2},"end":{"line":11,"column":3}},{"start":{},"end":{}}],"line":9},"3":{"loc":{"start":{"line":14,"column":4},"end":{"line":16,"column":5}},"type":"if","locations":[{"start":{"line":14,"column":4},"end":{"line":16,"column":5}},{"start":{},"end":{}}],"line":14}},"s":{"0":7,"1":129,"2":129,"3":129,"4":1,"5":128,"6":128,"7":0,"8":128,"9":128},"f":{"0":129,"1":128},"b":{"0":[7,7],"1":[129,128],"2":[1,128],"3":[0,128]},"inputSourceMap":null,"_coverageSchema":"1a1c01bbd47fc00a2c39e90264f33305004495a9","hash":"9230a28101e7fa910ab62a6778fc1bc30b1cdf1f"}
,"/Users/sargiskhachatryan/repos/new_shit/server/routes/auth.js": {"path":"/Users/sargiskhachatryan/repos/new_shit/server/routes/auth.js","statementMap":{"0":{"start":{"line":8,"column":15},"end":{"line":8,"column":31}},"1":{"start":{"line":11,"column":0},"end":{"line":52,"column":3}},"2":{"start":{"line":16,"column":2},"end":{"line":51,"column":3}},"3":{"start":{"line":17,"column":19},"end":{"line":17,"column":40}},"4":{"start":{"line":18,"column":4},"end":{"line":20,"column":5}},"5":{"start":{"line":19,"column":6},"end":{"line":19,"column":62}},"6":{"start":{"line":22,"column":38},"end":{"line":22,"column":46}},"7":{"start":{"line":25,"column":25},"end":{"line":25,"column":84}},"8":{"start":{"line":26,"column":4},"end":{"line":28,"column":5}},"9":{"start":{"line":27,"column":6},"end":{"line":27,"column":68}},"10":{"start":{"line":31,"column":27},"end":{"line":31,"column":58}},"11":{"start":{"line":34,"column":19},"end":{"line":37,"column":5}},"12":{"start":{"line":39,"column":19},"end":{"line":39,"column":32}},"13":{"start":{"line":42,"column":18},"end":{"line":42,"column":78}},"14":{"start":{"line":44,"column":4},"end":{"line":47,"column":7}},"15":{"start":{"line":49,"column":4},"end":{"line":49,"column":44}},"16":{"start":{"line":50,"column":4},"end":{"line":50,"column":52}},"17":{"start":{"line":55,"column":0},"end":{"line":90,"column":3}},"18":{"start":{"line":59,"column":2},"end":{"line":89,"column":3}},"19":{"start":{"line":60,"column":19},"end":{"line":60,"column":40}},"20":{"start":{"line":61,"column":4},"end":{"line":63,"column":5}},"21":{"start":{"line":62,"column":6},"end":{"line":62,"column":62}},"22":{"start":{"line":65,"column":32},"end":{"line":65,"column":40}},"23":{"start":{"line":68,"column":17},"end":{"line":68,"column":76}},"24":{"start":{"line":69,"column":4},"end":{"line":71,"column":5}},"25":{"start":{"line":70,"column":6},"end":{"line":70,"column":68}},"26":{"start":{"line":74,"column":26},"end":{"line":74,"column":71}},"27":{"start":{"line":75,"column":4},"end":{"line":77,"column":5}},"28":{"start":{"line":76,"column":6},"end":{"line":76,"column":68}},"29":{"start":{"line":80,"column":18},"end":{"line":80,"column":99}},"30":{"start":{"line":82,"column":4},"end":{"line":85,"column":7}},"31":{"start":{"line":87,"column":4},"end":{"line":87,"column":41}},"32":{"start":{"line":88,"column":4},"end":{"line":88,"column":52}},"33":{"start":{"line":93,"column":0},"end":{"line":114,"column":3}},"34":{"start":{"line":94,"column":2},"end":{"line":113,"column":3}},"35":{"start":{"line":95,"column":23},"end":{"line":95,"column":51}},"36":{"start":{"line":96,"column":18},"end":{"line":96,"column":56}},"37":{"start":{"line":98,"column":4},"end":{"line":100,"column":5}},"38":{"start":{"line":99,"column":6},"end":{"line":99,"column":70}},"39":{"start":{"line":102,"column":20},"end":{"line":102,"column":49}},"40":{"start":{"line":103,"column":17},"end":{"line":103,"column":108}},"41":{"start":{"line":105,"column":4},"end":{"line":107,"column":5}},"42":{"start":{"line":106,"column":6},"end":{"line":106,"column":63}},"43":{"start":{"line":109,"column":4},"end":{"line":109,"column":23}},"44":{"start":{"line":111,"column":4},"end":{"line":111,"column":44}},"45":{"start":{"line":112,"column":4},"end":{"line":112,"column":53}}},"fnMap":{"0":{"name":"(anonymous_0)","decl":{"start":{"line":15,"column":3},"end":{"line":15,"column":4}},"loc":{"start":{"line":15,"column":23},"end":{"line":52,"column":1}},"line":15},"1":{"name":"(anonymous_1)","decl":{"start":{"line":58,"column":3},"end":{"line":58,"column":4}},"loc":{"start":{"line":58,"column":23},"end":{"line":90,"column":1}},"line":58},"2":{"name":"(anonymous_2)","decl":{"start":{"line":93,"column":18},"end":{"line":93,"column":19}},"loc":{"start":{"line":93,"column":38},"end":{"line":114,"column":1}},"line":93}},"branchMap":{"0":{"loc":{"start":{"line":18,"column":4},"end":{"line":20,"column":5}},"type":"if","locations":[{"start":{"line":18,"column":4},"end":{"line":20,"column":5}},{"start":{},"end":{}}],"line":18},"1":{"loc":{"start":{"line":26,"column":4},"end":{"line":28,"column":5}},"type":"if","locations":[{"start":{"line":26,"column":4},"end":{"line":28,"column":5}},{"start":{},"end":{}}],"line":26},"2":{"loc":{"start":{"line":61,"column":4},"end":{"line":63,"column":5}},"type":"if","locations":[{"start":{"line":61,"column":4},"end":{"line":63,"column":5}},{"start":{},"end":{}}],"line":61},"3":{"loc":{"start":{"line":69,"column":4},"end":{"line":71,"column":5}},"type":"if","locations":[{"start":{"line":69,"column":4},"end":{"line":71,"column":5}},{"start":{},"end":{}}],"line":69},"4":{"loc":{"start":{"line":75,"column":4},"end":{"line":77,"column":5}},"type":"if","locations":[{"start":{"line":75,"column":4},"end":{"line":77,"column":5}},{"start":{},"end":{}}],"line":75},"5":{"loc":{"start":{"line":96,"column":18},"end":{"line":96,"column":56}},"type":"binary-expr","locations":[{"start":{"line":96,"column":18},"end":{"line":96,"column":28}},{"start":{"line":96,"column":32},"end":{"line":96,"column":56}}],"line":96},"6":{"loc":{"start":{"line":98,"column":4},"end":{"line":100,"column":5}},"type":"if","locations":[{"start":{"line":98,"column":4},"end":{"line":100,"column":5}},{"start":{},"end":{}}],"line":98},"7":{"loc":{"start":{"line":105,"column":4},"end":{"line":107,"column":5}},"type":"if","locations":[{"start":{"line":105,"column":4},"end":{"line":107,"column":5}},{"start":{},"end":{}}],"line":105}},"s":{"0":7,"1":7,"2":21,"3":21,"4":21,"5":3,"6":18,"7":18,"8":18,"9":9,"10":9,"11":9,"12":9,"13":9,"14":9,"15":0,"16":0,"17":7,"18":7,"19":7,"20":7,"21":1,"22":6,"23":6,"24":6,"25":1,"26":5,"27":5,"28":1,"29":4,"30":4,"31":0,"32":0,"33":7,"34":3,"35":3,"36":3,"37":3,"38":1,"39":2,"40":1,"41":1,"42":0,"43":1,"44":1,"45":1},"f":{"0":21,"1":7,"2":3},"b":{"0":[3,18],"1":[9,9],"2":[1,6],"3":[1,5],"4":[1,4],"5":[3,2],"6":[1,2],"7":[0,1]},"inputSourceMap":null,"_coverageSchema":"1a1c01bbd47fc00a2c39e90264f33305004495a9","hash":"859cc9a3f3104e087eeb4d22c6b2642a875cce6d"}
,"/Users/sargiskhachatryan/repos/new_shit/server/routes/budget.js": {"path":"/Users/sargiskhachatryan/repos/new_shit/server/routes/budget.js","statementMap":{"0":{"start":{"line":5,"column":15},"end":{"line":5,"column":31}},"1":{"start":{"line":6,"column":0},"end":{"line":6,"column":30}},"2":{"start":{"line":9,"column":0},"end":{"line":40,"column":3}},"3":{"start":{"line":10,"column":2},"end":{"line":39,"column":3}},"4":{"start":{"line":11,"column":25},"end":{"line":11,"column":35}},"5":{"start":{"line":12,"column":28},"end":{"line":12,"column":37}},"6":{"start":{"line":13,"column":19},"end":{"line":13,"column":34}},"7":{"start":{"line":16,"column":19},"end":{"line":19,"column":5}},"8":{"start":{"line":21,"column":4},"end":{"line":23,"column":5}},"9":{"start":{"line":22,"column":6},"end":{"line":22,"column":62}},"10":{"start":{"line":25,"column":25},"end":{"line":25,"column":59}},"11":{"start":{"line":26,"column":24},"end":{"line":26,"column":56}},"12":{"start":{"line":28,"column":20},"end":{"line":33,"column":45}},"13":{"start":{"line":35,"column":4},"end":{"line":35,"column":26}},"14":{"start":{"line":37,"column":4},"end":{"line":37,"column":47}},"15":{"start":{"line":38,"column":4},"end":{"line":38,"column":52}},"16":{"start":{"line":43,"column":0},"end":{"line":97,"column":3}},"17":{"start":{"line":44,"column":2},"end":{"line":96,"column":3}},"18":{"start":{"line":45,"column":58},"end":{"line":45,"column":66}},"19":{"start":{"line":46,"column":19},"end":{"line":46,"column":34}},"20":{"start":{"line":48,"column":4},"end":{"line":50,"column":5}},"21":{"start":{"line":49,"column":6},"end":{"line":49,"column":72}},"22":{"start":{"line":53,"column":4},"end":{"line":55,"column":5}},"23":{"start":{"line":54,"column":6},"end":{"line":54,"column":79}},"24":{"start":{"line":58,"column":4},"end":{"line":60,"column":5}},"25":{"start":{"line":59,"column":6},"end":{"line":59,"column":74}},"26":{"start":{"line":63,"column":19},"end":{"line":66,"column":5}},"27":{"start":{"line":68,"column":4},"end":{"line":70,"column":5}},"28":{"start":{"line":69,"column":6},"end":{"line":69,"column":62}},"29":{"start":{"line":73,"column":21},"end":{"line":76,"column":5}},"30":{"start":{"line":78,"column":4},"end":{"line":92,"column":5}},"31":{"start":{"line":79,"column":6},"end":{"line":82,"column":8}},"32":{"start":{"line":83,"column":22},"end":{"line":83,"column":86}},"33":{"start":{"line":84,"column":6},"end":{"line":84,"column":43}},"34":{"start":{"line":86,"column":21},"end":{"line":89,"column":7}},"35":{"start":{"line":90,"column":21},"end":{"line":90,"column":87}},"36":{"start":{"line":91,"column":6},"end":{"line":91,"column":46}},"37":{"start":{"line":94,"column":4},"end":{"line":94,"column":49}},"38":{"start":{"line":95,"column":4},"end":{"line":95,"column":52}},"39":{"start":{"line":100,"column":0},"end":{"line":148,"column":3}},"40":{"start":{"line":101,"column":2},"end":{"line":147,"column":3}},"41":{"start":{"line":102,"column":19},"end":{"line":102,"column":29}},"42":{"start":{"line":103,"column":36},"end":{"line":103,"column":44}},"43":{"start":{"line":104,"column":19},"end":{"line":104,"column":34}},"44":{"start":{"line":106,"column":19},"end":{"line":106,"column":74}},"45":{"start":{"line":107,"column":4},"end":{"line":109,"column":5}},"46":{"start":{"line":108,"column":6},"end":{"line":108,"column":65}},"47":{"start":{"line":112,"column":19},"end":{"line":115,"column":5}},"48":{"start":{"line":117,"column":4},"end":{"line":119,"column":5}},"49":{"start":{"line":118,"column":6},"end":{"line":118,"column":62}},"50":{"start":{"line":122,"column":4},"end":{"line":127,"column":5}},"51":{"start":{"line":123,"column":6},"end":{"line":125,"column":7}},"52":{"start":{"line":124,"column":8},"end":{"line":124,"column":76}},"53":{"start":{"line":126,"column":6},"end":{"line":126,"column":78}},"54":{"start":{"line":130,"column":4},"end":{"line":135,"column":5}},"55":{"start":{"line":131,"column":6},"end":{"line":133,"column":7}},"56":{"start":{"line":132,"column":8},"end":{"line":132,"column":81}},"57":{"start":{"line":134,"column":6},"end":{"line":134,"column":76}},"58":{"start":{"line":138,"column":4},"end":{"line":140,"column":5}},"59":{"start":{"line":139,"column":6},"end":{"line":139,"column":74}},"60":{"start":{"line":142,"column":20},"end":{"line":142,"column":75}},"61":{"start":{"line":143,"column":4},"end":{"line":143,"column":34}},"62":{"start":{"line":145,"column":4},"end":{"line":145,"column":49}},"63":{"start":{"line":146,"column":4},"end":{"line":146,"column":52}},"64":{"start":{"line":151,"column":0},"end":{"line":176,"column":3}},"65":{"start":{"line":152,"column":2},"end":{"line":175,"column":3}},"66":{"start":{"line":153,"column":19},"end":{"line":153,"column":29}},"67":{"start":{"line":154,"column":19},"end":{"line":154,"column":34}},"68":{"start":{"line":156,"column":19},"end":{"line":156,"column":74}},"69":{"start":{"line":157,"column":4},"end":{"line":159,"column":5}},"70":{"start":{"line":158,"column":6},"end":{"line":158,"column":65}},"71":{"start":{"line":161,"column":19},"end":{"line":164,"column":5}},"72":{"start":{"line":166,"column":4},"end":{"line":168,"column":5}},"73":{"start":{"line":167,"column":6},"end":{"line":167,"column":62}},"74":{"start":{"line":170,"column":4},"end":{"line":170,"column":58}},"75":{"start":{"line":171,"column":4},"end":{"line":171,"column":44}},"76":{"start":{"line":173,"column":4},"end":{"line":173,"column":49}},"77":{"start":{"line":174,"column":4},"end":{"line":174,"column":52}}},"fnMap":{"0":{"name":"(anonymous_0)","decl":{"start":{"line":9,"column":32},"end":{"line":9,"column":33}},"loc":{"start":{"line":9,"column":52},"end":{"line":40,"column":1}},"line":9},"1":{"name":"(anonymous_1)","decl":{"start":{"line":43,"column":17},"end":{"line":43,"column":18}},"loc":{"start":{"line":43,"column":37},"end":{"line":97,"column":1}},"line":43},"2":{"name":"(anonymous_2)","decl":{"start":{"line":100,"column":19},"end":{"line":100,"column":20}},"loc":{"start":{"line":100,"column":39},"end":{"line":148,"column":1}},"line":100},"3":{"name":"(anonymous_3)","decl":{"start":{"line":151,"column":22},"end":{"line":151,"column":23}},"loc":{"start":{"line":151,"column":42},"end":{"line":176,"column":1}},"line":151}},"branchMap":{"0":{"loc":{"start":{"line":21,"column":4},"end":{"line":23,"column":5}},"type":"if","locations":[{"start":{"line":21,"column":4},"end":{"line":23,"column":5}},{"start":{},"end":{}}],"line":21},"1":{"loc":{"start":{"line":25,"column":25},"end":{"line":25,"column":59}},"type":"binary-expr","locations":[{"start":{"line":25,"column":25},"end":{"line":25,"column":30}},{"start":{"line":25,"column":34},"end":{"line":25,"column":59}}],"line":25},"2":{"loc":{"start":{"line":26,"column":24},"end":{"line":26,"column":56}},"type":"binary-expr","locations":[{"start":{"line":26,"column":24},"end":{"line":26,"column":28}},{"start":{"line":26,"column":32},"end":{"line":26,"column":56}}],"line":26},"3":{"loc":{"start":{"line":48,"column":4},"end":{"line":50,"column":5}},"type":"if","locations":[{"start":{"line":48,"column":4},"end":{"line":50,"column":5}},{"start":{},"end":{}}],"line":48},"4":{"loc":{"start":{"line":48,"column":8},"end":{"line":48,"column":62}},"type":"binary-expr","locations":[{"start":{"line":48,"column":8},"end":{"line":48,"column":17}},{"start":{"line":48,"column":21},"end":{"line":48,"column":32}},{"start":{"line":48,"column":36},"end":{"line":48,"column":43}},{"start":{"line":48,"column":47},"end":{"line":48,"column":53}},{"start":{"line":48,"column":57},"end":{"line":48,"column":62}}],"line":48},"5":{"loc":{"start":{"line":53,"column":4},"end":{"line":55,"column":5}},"type":"if","locations":[{"start":{"line":53,"column":4},"end":{"line":55,"column":5}},{"start":{},"end":{}}],"line":53},"6":{"loc":{"start":{"line":53,"column":8},"end":{"line":53,"column":31}},"type":"binary-expr","locations":[{"start":{"line":53,"column":8},"end":{"line":53,"column":17}},{"start":{"line":53,"column":21},"end":{"line":53,"column":31}}],"line":53},"7":{"loc":{"start":{"line":58,"column":4},"end":{"line":60,"column":5}},"type":"if","locations":[{"start":{"line":58,"column":4},"end":{"line":60,"column":5}},{"start":{},"end":{}}],"line":58},"8":{"loc":{"start":{"line":68,"column":4},"end":{"line":70,"column":5}},"type":"if","locations":[{"start":{"line":68,"column":4},"end":{"line":70,"column":5}},{"start":{},"end":{}}],"line":68},"9":{"loc":{"start":{"line":78,"column":4},"end":{"line":92,"column":5}},"type":"if","locations":[{"start":{"line":78,"column":4},"end":{"line":92,"column":5}},{"start":{"line":85,"column":11},"end":{"line":92,"column":5}}],"line":78},"10":{"loc":{"start":{"line":107,"column":4},"end":{"line":109,"column":5}},"type":"if","locations":[{"start":{"line":107,"column":4},"end":{"line":109,"column":5}},{"start":{},"end":{}}],"line":107},"11":{"loc":{"start":{"line":117,"column":4},"end":{"line":119,"column":5}},"type":"if","locations":[{"start":{"line":117,"column":4},"end":{"line":119,"column":5}},{"start":{},"end":{}}],"line":117},"12":{"loc":{"start":{"line":122,"column":4},"end":{"line":127,"column":5}},"type":"if","locations":[{"start":{"line":122,"column":4},"end":{"line":127,"column":5}},{"start":{},"end":{}}],"line":122},"13":{"loc":{"start":{"line":123,"column":6},"end":{"line":125,"column":7}},"type":"if","locations":[{"start":{"line":123,"column":6},"end":{"line":125,"column":7}},{"start":{},"end":{}}],"line":123},"14":{"loc":{"start":{"line":130,"column":4},"end":{"line":135,"column":5}},"type":"if","locations":[{"start":{"line":130,"column":4},"end":{"line":135,"column":5}},{"start":{},"end":{}}],"line":130},"15":{"loc":{"start":{"line":131,"column":6},"end":{"line":133,"column":7}},"type":"if","locations":[{"start":{"line":131,"column":6},"end":{"line":133,"column":7}},{"start":{},"end":{}}],"line":131},"16":{"loc":{"start":{"line":131,"column":10},"end":{"line":131,"column":33}},"type":"binary-expr","locations":[{"start":{"line":131,"column":10},"end":{"line":131,"column":19}},{"start":{"line":131,"column":23},"end":{"line":131,"column":33}}],"line":131},"17":{"loc":{"start":{"line":138,"column":4},"end":{"line":140,"column":5}},"type":"if","locations":[{"start":{"line":138,"column":4},"end":{"line":140,"column":5}},{"start":{},"end":{}}],"line":138},"18":{"loc":{"start":{"line":157,"column":4},"end":{"line":159,"column":5}},"type":"if","locations":[{"start":{"line":157,"column":4},"end":{"line":159,"column":5}},{"start":{},"end":{}}],"line":157},"19":{"loc":{"start":{"line":166,"column":4},"end":{"line":168,"column":5}},"type":"if","locations":[{"start":{"line":166,"column":4},"end":{"line":168,"column":5}},{"start":{},"end":{}}],"line":166}},"s":{"0":3,"1":3,"2":3,"3":6,"4":6,"5":6,"6":6,"7":6,"8":6,"9":0,"10":6,"11":6,"12":6,"13":6,"14":0,"15":0,"16":3,"17":21,"18":21,"19":21,"20":21,"21":1,"22":20,"23":1,"24":19,"25":1,"26":18,"27":18,"28":0,"29":18,"30":18,"31":8,"32":8,"33":8,"34":10,"35":10,"36":10,"37":0,"38":0,"39":3,"40":2,"41":2,"42":2,"43":2,"44":2,"45":2,"46":1,"47":1,"48":1,"49":0,"50":1,"51":1,"52":0,"53":1,"54":1,"55":0,"56":0,"57":0,"58":1,"59":0,"60":1,"61":1,"62":0,"63":0,"64":3,"65":1,"66":1,"67":1,"68":1,"69":1,"70":0,"71":1,"72":1,"73":0,"74":1,"75":1,"76":0,"77":0},"f":{"0":6,"1":21,"2":2,"3":1},"b":{"0":[0,6],"1":[6,0],"2":[6,0],"3":[1,20],"4":[21,21,21,20,20],"5":[1,19],"6":[20,20],"7":[1,18],"8":[0,18],"9":[8,10],"10":[1,1],"11":[0,1],"12":[1,0],"13":[0,1],"14":[0,1],"15":[0,0],"16":[0,0],"17":[0,1],"18":[0,1],"19":[0,1]},"inputSourceMap":null,"_coverageSchema":"1a1c01bbd47fc00a2c39e90264f33305004495a9","hash":"290c7b1b3ecccde59f5e669a9e60f69ebcf966fb"}
,"/Users/sargiskhachatryan/repos/new_shit/server/routes/category.js": {"path":"/Users/sargiskhachatryan/repos/new_shit/server/routes/category.js","statementMap":{"0":{"start":{"line":5,"column":15},"end":{"line":5,"column":31}},"1":{"start":{"line":6,"column":0},"end":{"line":6,"column":30}},"2":{"start":{"line":9,"column":0},"end":{"line":34,"column":3}},"3":{"start":{"line":10,"column":2},"end":{"line":33,"column":3}},"4":{"start":{"line":11,"column":25},"end":{"line":11,"column":35}},"5":{"start":{"line":12,"column":19},"end":{"line":12,"column":34}},"6":{"start":{"line":15,"column":19},"end":{"line":18,"column":5}},"7":{"start":{"line":20,"column":4},"end":{"line":22,"column":5}},"8":{"start":{"line":21,"column":6},"end":{"line":21,"column":62}},"9":{"start":{"line":24,"column":23},"end":{"line":27,"column":5}},"10":{"start":{"line":29,"column":4},"end":{"line":29,"column":29}},"11":{"start":{"line":31,"column":4},"end":{"line":31,"column":50}},"12":{"start":{"line":32,"column":4},"end":{"line":32,"column":52}},"13":{"start":{"line":37,"column":0},"end":{"line":67,"column":3}},"14":{"start":{"line":38,"column":2},"end":{"line":66,"column":3}},"15":{"start":{"line":39,"column":50},"end":{"line":39,"column":58}},"16":{"start":{"line":40,"column":19},"end":{"line":40,"column":34}},"17":{"start":{"line":42,"column":4},"end":{"line":44,"column":5}},"18":{"start":{"line":43,"column":6},"end":{"line":43,"column":87}},"19":{"start":{"line":47,"column":19},"end":{"line":50,"column":5}},"20":{"start":{"line":52,"column":4},"end":{"line":54,"column":5}},"21":{"start":{"line":53,"column":6},"end":{"line":53,"column":62}},"22":{"start":{"line":56,"column":19},"end":{"line":59,"column":5}},"23":{"start":{"line":61,"column":21},"end":{"line":61,"column":90}},"24":{"start":{"line":62,"column":4},"end":{"line":62,"column":39}},"25":{"start":{"line":64,"column":4},"end":{"line":64,"column":51}},"26":{"start":{"line":65,"column":4},"end":{"line":65,"column":52}},"27":{"start":{"line":70,"column":0},"end":{"line":102,"column":3}},"28":{"start":{"line":71,"column":2},"end":{"line":101,"column":3}},"29":{"start":{"line":72,"column":19},"end":{"line":72,"column":29}},"30":{"start":{"line":73,"column":34},"end":{"line":73,"column":42}},"31":{"start":{"line":74,"column":19},"end":{"line":74,"column":34}},"32":{"start":{"line":77,"column":21},"end":{"line":77,"column":79}},"33":{"start":{"line":78,"column":4},"end":{"line":80,"column":5}},"34":{"start":{"line":79,"column":6},"end":{"line":79,"column":67}},"35":{"start":{"line":82,"column":19},"end":{"line":85,"column":5}},"36":{"start":{"line":87,"column":4},"end":{"line":89,"column":5}},"37":{"start":{"line":88,"column":6},"end":{"line":88,"column":62}},"38":{"start":{"line":91,"column":4},"end":{"line":94,"column":6}},"39":{"start":{"line":96,"column":20},"end":{"line":96,"column":78}},"40":{"start":{"line":97,"column":4},"end":{"line":97,"column":36}},"41":{"start":{"line":99,"column":4},"end":{"line":99,"column":51}},"42":{"start":{"line":100,"column":4},"end":{"line":100,"column":52}},"43":{"start":{"line":105,"column":0},"end":{"line":130,"column":3}},"44":{"start":{"line":106,"column":2},"end":{"line":129,"column":3}},"45":{"start":{"line":107,"column":19},"end":{"line":107,"column":29}},"46":{"start":{"line":108,"column":19},"end":{"line":108,"column":34}},"47":{"start":{"line":110,"column":21},"end":{"line":110,"column":79}},"48":{"start":{"line":111,"column":4},"end":{"line":113,"column":5}},"49":{"start":{"line":112,"column":6},"end":{"line":112,"column":67}},"50":{"start":{"line":115,"column":19},"end":{"line":118,"column":5}},"51":{"start":{"line":120,"column":4},"end":{"line":122,"column":5}},"52":{"start":{"line":121,"column":6},"end":{"line":121,"column":93}},"53":{"start":{"line":124,"column":4},"end":{"line":124,"column":61}},"54":{"start":{"line":125,"column":4},"end":{"line":125,"column":46}},"55":{"start":{"line":127,"column":4},"end":{"line":127,"column":51}},"56":{"start":{"line":128,"column":4},"end":{"line":128,"column":52}}},"fnMap":{"0":{"name":"(anonymous_0)","decl":{"start":{"line":9,"column":32},"end":{"line":9,"column":33}},"loc":{"start":{"line":9,"column":52},"end":{"line":34,"column":1}},"line":9},"1":{"name":"(anonymous_1)","decl":{"start":{"line":37,"column":17},"end":{"line":37,"column":18}},"loc":{"start":{"line":37,"column":37},"end":{"line":67,"column":1}},"line":37},"2":{"name":"(anonymous_2)","decl":{"start":{"line":70,"column":19},"end":{"line":70,"column":20}},"loc":{"start":{"line":70,"column":39},"end":{"line":102,"column":1}},"line":70},"3":{"name":"(anonymous_3)","decl":{"start":{"line":105,"column":22},"end":{"line":105,"column":23}},"loc":{"start":{"line":105,"column":42},"end":{"line":130,"column":1}},"line":105}},"branchMap":{"0":{"loc":{"start":{"line":20,"column":4},"end":{"line":22,"column":5}},"type":"if","locations":[{"start":{"line":20,"column":4},"end":{"line":22,"column":5}},{"start":{},"end":{}}],"line":20},"1":{"loc":{"start":{"line":42,"column":4},"end":{"line":44,"column":5}},"type":"if","locations":[{"start":{"line":42,"column":4},"end":{"line":44,"column":5}},{"start":{},"end":{}}],"line":42},"2":{"loc":{"start":{"line":42,"column":8},"end":{"line":42,"column":35}},"type":"binary-expr","locations":[{"start":{"line":42,"column":8},"end":{"line":42,"column":17}},{"start":{"line":42,"column":21},"end":{"line":42,"column":26}},{"start":{"line":42,"column":30},"end":{"line":42,"column":35}}],"line":42},"3":{"loc":{"start":{"line":52,"column":4},"end":{"line":54,"column":5}},"type":"if","locations":[{"start":{"line":52,"column":4},"end":{"line":54,"column":5}},{"start":{},"end":{}}],"line":52},"4":{"loc":{"start":{"line":58,"column":29},"end":{"line":58,"column":47}},"type":"binary-expr","locations":[{"start":{"line":58,"column":29},"end":{"line":58,"column":34}},{"start":{"line":58,"column":38},"end":{"line":58,"column":47}}],"line":58},"5":{"loc":{"start":{"line":58,"column":49},"end":{"line":58,"column":61}},"type":"binary-expr","locations":[{"start":{"line":58,"column":49},"end":{"line":58,"column":53}},{"start":{"line":58,"column":57},"end":{"line":58,"column":61}}],"line":58},"6":{"loc":{"start":{"line":78,"column":4},"end":{"line":80,"column":5}},"type":"if","locations":[{"start":{"line":78,"column":4},"end":{"line":80,"column":5}},{"start":{},"end":{}}],"line":78},"7":{"loc":{"start":{"line":87,"column":4},"end":{"line":89,"column":5}},"type":"if","locations":[{"start":{"line":87,"column":4},"end":{"line":89,"column":5}},{"start":{},"end":{}}],"line":87},"8":{"loc":{"start":{"line":93,"column":7},"end":{"line":93,"column":28}},"type":"binary-expr","locations":[{"start":{"line":93,"column":7},"end":{"line":93,"column":11}},{"start":{"line":93,"column":15},"end":{"line":93,"column":28}}],"line":93},"9":{"loc":{"start":{"line":93,"column":30},"end":{"line":93,"column":53}},"type":"binary-expr","locations":[{"start":{"line":93,"column":30},"end":{"line":93,"column":35}},{"start":{"line":93,"column":39},"end":{"line":93,"column":53}}],"line":93},"10":{"loc":{"start":{"line":93,"column":55},"end":{"line":93,"column":76}},"type":"binary-expr","locations":[{"start":{"line":93,"column":55},"end":{"line":93,"column":59}},{"start":{"line":93,"column":63},"end":{"line":93,"column":76}}],"line":93},"11":{"loc":{"start":{"line":111,"column":4},"end":{"line":113,"column":5}},"type":"if","locations":[{"start":{"line":111,"column":4},"end":{"line":113,"column":5}},{"start":{},"end":{}}],"line":111},"12":{"loc":{"start":{"line":120,"column":4},"end":{"line":122,"column":5}},"type":"if","locations":[{"start":{"line":120,"column":4},"end":{"line":122,"column":5}},{"start":{},"end":{}}],"line":120},"13":{"loc":{"start":{"line":120,"column":8},"end":{"line":120,"column":60}},"type":"binary-expr","locations":[{"start":{"line":120,"column":8},"end":{"line":120,"column":15}},{"start":{"line":120,"column":19},"end":{"line":120,"column":60}}],"line":120}},"s":{"0":5,"1":5,"2":5,"3":0,"4":0,"5":0,"6":0,"7":0,"8":0,"9":0,"10":0,"11":0,"12":0,"13":5,"14":15,"15":15,"16":15,"17":15,"18":0,"19":15,"20":15,"21":0,"22":15,"23":15,"24":15,"25":0,"26":0,"27":5,"28":0,"29":0,"30":0,"31":0,"32":0,"33":0,"34":0,"35":0,"36":0,"37":0,"38":0,"39":0,"40":0,"41":0,"42":0,"43":5,"44":0,"45":0,"46":0,"47":0,"48":0,"49":0,"50":0,"51":0,"52":0,"53":0,"54":0,"55":0,"56":0},"f":{"0":0,"1":15,"2":0,"3":0},"b":{"0":[0,0],"1":[0,15],"2":[15,15,15],"3":[0,15],"4":[15,0],"5":[15,0],"6":[0,0],"7":[0,0],"8":[0,0],"9":[0,0],"10":[0,0],"11":[0,0],"12":[0,0],"13":[0,0]},"inputSourceMap":null,"_coverageSchema":"1a1c01bbd47fc00a2c39e90264f33305004495a9","hash":"9302707bea22106c183518c0a8c8ff59d5036c7a"}
,"/Users/sargiskhachatryan/repos/new_shit/server/routes/currency.js": {"path":"/Users/sargiskhachatryan/repos/new_shit/server/routes/currency.js","statementMap":{"0":{"start":{"line":6,"column":15},"end":{"line":6,"column":31}},"1":{"start":{"line":7,"column":0},"end":{"line":7,"column":30}},"2":{"start":{"line":10,"column":0},"end":{"line":19,"column":3}},"3":{"start":{"line":11,"column":2},"end":{"line":18,"column":3}},"4":{"start":{"line":12,"column":29},"end":{"line":12,"column":38}},"5":{"start":{"line":13,"column":18},"end":{"line":13,"column":46}},"6":{"start":{"line":14,"column":4},"end":{"line":14,"column":30}},"7":{"start":{"line":16,"column":4},"end":{"line":16,"column":54}},"8":{"start":{"line":17,"column":4},"end":{"line":17,"column":70}},"9":{"start":{"line":22,"column":0},"end":{"line":47,"column":3}},"10":{"start":{"line":23,"column":2},"end":{"line":46,"column":3}},"11":{"start":{"line":24,"column":33},"end":{"line":24,"column":42}},"12":{"start":{"line":26,"column":4},"end":{"line":28,"column":5}},"13":{"start":{"line":27,"column":6},"end":{"line":27,"column":93}},"14":{"start":{"line":30,"column":18},"end":{"line":30,"column":46}},"15":{"start":{"line":31,"column":22},"end":{"line":31,"column":74}},"16":{"start":{"line":33,"column":4},"end":{"line":42,"column":7}},"17":{"start":{"line":44,"column":4},"end":{"line":44,"column":52}},"18":{"start":{"line":45,"column":4},"end":{"line":45,"column":66}},"19":{"start":{"line":50,"column":0},"end":{"line":82,"column":3}},"20":{"start":{"line":51,"column":2},"end":{"line":81,"column":3}},"21":{"start":{"line":52,"column":25},"end":{"line":52,"column":35}},"22":{"start":{"line":53,"column":19},"end":{"line":53,"column":34}},"23":{"start":{"line":56,"column":19},"end":{"line":59,"column":5}},"24":{"start":{"line":61,"column":4},"end":{"line":63,"column":5}},"25":{"start":{"line":62,"column":6},"end":{"line":62,"column":62}},"26":{"start":{"line":65,"column":19},"end":{"line":65,"column":88}},"27":{"start":{"line":66,"column":4},"end":{"line":68,"column":5}},"28":{"start":{"line":67,"column":6},"end":{"line":67,"column":65}},"29":{"start":{"line":70,"column":21},"end":{"line":70,"column":45}},"30":{"start":{"line":71,"column":18},"end":{"line":71,"column":50}},"31":{"start":{"line":73,"column":4},"end":{"line":77,"column":7}},"32":{"start":{"line":79,"column":4},"end":{"line":79,"column":55}},"33":{"start":{"line":80,"column":4},"end":{"line":80,"column":52}}},"fnMap":{"0":{"name":"(anonymous_0)","decl":{"start":{"line":10,"column":21},"end":{"line":10,"column":22}},"loc":{"start":{"line":10,"column":41},"end":{"line":19,"column":1}},"line":10},"1":{"name":"(anonymous_1)","decl":{"start":{"line":22,"column":23},"end":{"line":22,"column":24}},"loc":{"start":{"line":22,"column":43},"end":{"line":47,"column":1}},"line":22},"2":{"name":"(anonymous_2)","decl":{"start":{"line":50,"column":32},"end":{"line":50,"column":33}},"loc":{"start":{"line":50,"column":52},"end":{"line":82,"column":1}},"line":50}},"branchMap":{"0":{"loc":{"start":{"line":12,"column":12},"end":{"line":12,"column":24}},"type":"default-arg","locations":[{"start":{"line":12,"column":19},"end":{"line":12,"column":24}}],"line":12},"1":{"loc":{"start":{"line":26,"column":4},"end":{"line":28,"column":5}},"type":"if","locations":[{"start":{"line":26,"column":4},"end":{"line":28,"column":5}},{"start":{},"end":{}}],"line":26},"2":{"loc":{"start":{"line":26,"column":8},"end":{"line":26,"column":31}},"type":"binary-expr","locations":[{"start":{"line":26,"column":8},"end":{"line":26,"column":15}},{"start":{"line":26,"column":19},"end":{"line":26,"column":24}},{"start":{"line":26,"column":28},"end":{"line":26,"column":31}}],"line":26},"3":{"loc":{"start":{"line":61,"column":4},"end":{"line":63,"column":5}},"type":"if","locations":[{"start":{"line":61,"column":4},"end":{"line":63,"column":5}},{"start":{},"end":{}}],"line":61},"4":{"loc":{"start":{"line":66,"column":4},"end":{"line":68,"column":5}},"type":"if","locations":[{"start":{"line":66,"column":4},"end":{"line":68,"column":5}},{"start":{},"end":{}}],"line":66},"5":{"loc":{"start":{"line":70,"column":21},"end":{"line":70,"column":45}},"type":"binary-expr","locations":[{"start":{"line":70,"column":21},"end":{"line":70,"column":36}},{"start":{"line":70,"column":40},"end":{"line":70,"column":45}}],"line":70}},"s":{"0":0,"1":0,"2":0,"3":0,"4":0,"5":0,"6":0,"7":0,"8":0,"9":0,"10":0,"11":0,"12":0,"13":0,"14":0,"15":0,"16":0,"17":0,"18":0,"19":0,"20":0,"21":0,"22":0,"23":0,"24":0,"25":0,"26":0,"27":0,"28":0,"29":0,"30":0,"31":0,"32":0,"33":0},"f":{"0":0,"1":0,"2":0},"b":{"0":[0],"1":[0,0],"2":[0,0,0],"3":[0,0],"4":[0,0],"5":[0,0]},"inputSourceMap":null}
,"/Users/sargiskhachatryan/repos/new_shit/server/routes/dashboard.js": {"path":"/Users/sargiskhachatryan/repos/new_shit/server/routes/dashboard.js","statementMap":{"0":{"start":{"line":6,"column":15},"end":{"line":6,"column":31}},"1":{"start":{"line":7,"column":0},"end":{"line":7,"column":30}},"2":{"start":{"line":10,"column":0},"end":{"line":130,"column":3}},"3":{"start":{"line":11,"column":2},"end":{"line":129,"column":3}},"4":{"start":{"line":12,"column":25},"end":{"line":12,"column":35}},"5":{"start":{"line":13,"column":28},"end":{"line":13,"column":37}},"6":{"start":{"line":14,"column":19},"end":{"line":14,"column":34}},"7":{"start":{"line":17,"column":19},"end":{"line":20,"column":5}},"8":{"start":{"line":22,"column":4},"end":{"line":24,"column":5}},"9":{"start":{"line":23,"column":6},"end":{"line":23,"column":62}},"10":{"start":{"line":26,"column":25},"end":{"line":26,"column":69}},"11":{"start":{"line":27,"column":24},"end":{"line":27,"column":66}},"12":{"start":{"line":30,"column":22},"end":{"line":30,"column":82}},"13":{"start":{"line":31,"column":20},"end":{"line":31,"column":80}},"14":{"start":{"line":33,"column":25},"end":{"line":37,"column":38}},"15":{"start":{"line":39,"column":26},"end":{"line":43,"column":38}},"16":{"start":{"line":46,"column":25},"end":{"line":53,"column":45}},"17":{"start":{"line":56,"column":31},"end":{"line":78,"column":85}},"18":{"start":{"line":81,"column":31},"end":{"line":89,"column":18}},"19":{"start":{"line":92,"column":18},"end":{"line":99,"column":18}},"20":{"start":{"line":101,"column":24},"end":{"line":101,"column":59}},"21":{"start":{"line":102,"column":26},"end":{"line":102,"column":62}},"22":{"start":{"line":103,"column":26},"end":{"line":103,"column":70}},"23":{"start":{"line":104,"column":25},"end":{"line":104,"column":68}},"24":{"start":{"line":107,"column":4},"end":{"line":109,"column":7}},"25":{"start":{"line":108,"column":6},"end":{"line":108,"column":58}},"26":{"start":{"line":111,"column":4},"end":{"line":125,"column":7}},"27":{"start":{"line":127,"column":4},"end":{"line":127,"column":49}},"28":{"start":{"line":128,"column":4},"end":{"line":128,"column":52}}},"fnMap":{"0":{"name":"(anonymous_0)","decl":{"start":{"line":10,"column":32},"end":{"line":10,"column":33}},"loc":{"start":{"line":10,"column":52},"end":{"line":130,"column":1}},"line":10},"1":{"name":"(anonymous_1)","decl":{"start":{"line":107,"column":66},"end":{"line":107,"column":67}},"loc":{"start":{"line":107,"column":73},"end":{"line":109,"column":5}},"line":107}},"branchMap":{"0":{"loc":{"start":{"line":22,"column":4},"end":{"line":24,"column":5}},"type":"if","locations":[{"start":{"line":22,"column":4},"end":{"line":24,"column":5}},{"start":{},"end":{}}],"line":22},"1":{"loc":{"start":{"line":26,"column":25},"end":{"line":26,"column":69}},"type":"binary-expr","locations":[{"start":{"line":26,"column":25},"end":{"line":26,"column":40}},{"start":{"line":26,"column":44},"end":{"line":26,"column":69}}],"line":26},"2":{"loc":{"start":{"line":27,"column":24},"end":{"line":27,"column":66}},"type":"binary-expr","locations":[{"start":{"line":27,"column":24},"end":{"line":27,"column":38}},{"start":{"line":27,"column":42},"end":{"line":27,"column":66}}],"line":27},"3":{"loc":{"start":{"line":101,"column":24},"end":{"line":101,"column":59}},"type":"binary-expr","locations":[{"start":{"line":101,"column":24},"end":{"line":101,"column":54}},{"start":{"line":101,"column":58},"end":{"line":101,"column":59}}],"line":101},"4":{"loc":{"start":{"line":102,"column":26},"end":{"line":102,"column":62}},"type":"binary-expr","locations":[{"start":{"line":102,"column":26},"end":{"line":102,"column":57}},{"start":{"line":102,"column":61},"end":{"line":102,"column":62}}],"line":102},"5":{"loc":{"start":{"line":103,"column":26},"end":{"line":103,"column":70}},"type":"binary-expr","locations":[{"start":{"line":103,"column":26},"end":{"line":103,"column":65}},{"start":{"line":103,"column":69},"end":{"line":103,"column":70}}],"line":103},"6":{"loc":{"start":{"line":104,"column":25},"end":{"line":104,"column":68}},"type":"binary-expr","locations":[{"start":{"line":104,"column":25},"end":{"line":104,"column":63}},{"start":{"line":104,"column":67},"end":{"line":104,"column":68}}],"line":104},"7":{"loc":{"start":{"line":118,"column":27},"end":{"line":118,"column":88}},"type":"cond-expr","locations":[{"start":{"line":118,"column":47},"end":{"line":118,"column":84}},{"start":{"line":118,"column":87},"end":{"line":118,"column":88}}],"line":118}},"s":{"0":2,"1":2,"2":2,"3":4,"4":4,"5":4,"6":4,"7":4,"8":4,"9":0,"10":4,"11":4,"12":4,"13":4,"14":4,"15":4,"16":4,"17":4,"18":4,"19":4,"20":4,"21":4,"22":4,"23":4,"24":4,"25":0,"26":4,"27":0,"28":0},"f":{"0":4,"1":0},"b":{"0":[0,4],"1":[4,0],"2":[4,0],"3":[4,3],"4":[4,0],"5":[4,0],"6":[4,4],"7":[4,0]},"inputSourceMap":null,"_coverageSchema":"1a1c01bbd47fc00a2c39e90264f33305004495a9","hash":"23014305cc339f3790860a69e0a48440fabd5881"}
,"/Users/sargiskhachatryan/repos/new_shit/server/routes/export.js": {"path":"/Users/sargiskhachatryan/repos/new_shit/server/routes/export.js","statementMap":{"0":{"start":{"line":10,"column":15},"end":{"line":10,"column":31}},"1":{"start":{"line":11,"column":0},"end":{"line":11,"column":30}},"2":{"start":{"line":14,"column":0},"end":{"line":45,"column":3}},"3":{"start":{"line":15,"column":2},"end":{"line":44,"column":3}},"4":{"start":{"line":16,"column":45},"end":{"line":16,"column":54}},"5":{"start":{"line":17,"column":19},"end":{"line":17,"column":34}},"6":{"start":{"line":19,"column":4},"end":{"line":21,"column":5}},"7":{"start":{"line":20,"column":6},"end":{"line":20,"column":70}},"8":{"start":{"line":24,"column":19},"end":{"line":27,"column":5}},"9":{"start":{"line":29,"column":4},"end":{"line":31,"column":5}},"10":{"start":{"line":30,"column":6},"end":{"line":30,"column":62}},"11":{"start":{"line":33,"column":19},"end":{"line":33,"column":88}},"12":{"start":{"line":34,"column":21},"end":{"line":34,"column":46}},"13":{"start":{"line":36,"column":16},"end":{"line":36,"column":85}},"14":{"start":{"line":38,"column":4},"end":{"line":38,"column":46}},"15":{"start":{"line":39,"column":4},"end":{"line":39,"column":96}},"16":{"start":{"line":40,"column":4},"end":{"line":40,"column":18}},"17":{"start":{"line":42,"column":4},"end":{"line":42,"column":59}},"18":{"start":{"line":43,"column":4},"end":{"line":43,"column":69}},"19":{"start":{"line":48,"column":0},"end":{"line":79,"column":3}},"20":{"start":{"line":49,"column":2},"end":{"line":78,"column":3}},"21":{"start":{"line":50,"column":45},"end":{"line":50,"column":54}},"22":{"start":{"line":51,"column":19},"end":{"line":51,"column":34}},"23":{"start":{"line":53,"column":4},"end":{"line":55,"column":5}},"24":{"start":{"line":54,"column":6},"end":{"line":54,"column":70}},"25":{"start":{"line":58,"column":19},"end":{"line":61,"column":5}},"26":{"start":{"line":63,"column":4},"end":{"line":65,"column":5}},"27":{"start":{"line":64,"column":6},"end":{"line":64,"column":62}},"28":{"start":{"line":67,"column":19},"end":{"line":67,"column":88}},"29":{"start":{"line":68,"column":21},"end":{"line":68,"column":46}},"30":{"start":{"line":70,"column":16},"end":{"line":70,"column":85}},"31":{"start":{"line":72,"column":4},"end":{"line":72,"column":53}},"32":{"start":{"line":73,"column":4},"end":{"line":73,"column":96}},"33":{"start":{"line":74,"column":4},"end":{"line":74,"column":18}},"34":{"start":{"line":76,"column":4},"end":{"line":76,"column":59}},"35":{"start":{"line":77,"column":4},"end":{"line":77,"column":69}},"36":{"start":{"line":82,"column":0},"end":{"line":113,"column":3}},"37":{"start":{"line":83,"column":2},"end":{"line":112,"column":3}},"38":{"start":{"line":84,"column":38},"end":{"line":84,"column":47}},"39":{"start":{"line":85,"column":19},"end":{"line":85,"column":34}},"40":{"start":{"line":87,"column":4},"end":{"line":89,"column":5}},"41":{"start":{"line":88,"column":6},"end":{"line":88,"column":88}},"42":{"start":{"line":92,"column":19},"end":{"line":95,"column":5}},"43":{"start":{"line":97,"column":4},"end":{"line":99,"column":5}},"44":{"start":{"line":98,"column":6},"end":{"line":98,"column":62}},"45":{"start":{"line":101,"column":19},"end":{"line":101,"column":88}},"46":{"start":{"line":102,"column":21},"end":{"line":102,"column":46}},"47":{"start":{"line":104,"column":16},"end":{"line":104,"column":98}},"48":{"start":{"line":106,"column":4},"end":{"line":106,"column":53}},"49":{"start":{"line":107,"column":4},"end":{"line":107,"column":114}},"50":{"start":{"line":108,"column":4},"end":{"line":108,"column":18}},"51":{"start":{"line":110,"column":4},"end":{"line":110,"column":53}},"52":{"start":{"line":111,"column":4},"end":{"line":111,"column":70}}},"fnMap":{"0":{"name":"(anonymous_0)","decl":{"start":{"line":14,"column":32},"end":{"line":14,"column":33}},"loc":{"start":{"line":14,"column":52},"end":{"line":45,"column":1}},"line":14},"1":{"name":"(anonymous_1)","decl":{"start":{"line":48,"column":32},"end":{"line":48,"column":33}},"loc":{"start":{"line":48,"column":52},"end":{"line":79,"column":1}},"line":48},"2":{"name":"(anonymous_2)","decl":{"start":{"line":82,"column":26},"end":{"line":82,"column":27}},"loc":{"start":{"line":82,"column":46},"end":{"line":113,"column":1}},"line":82}},"branchMap":{"0":{"loc":{"start":{"line":19,"column":4},"end":{"line":21,"column":5}},"type":"if","locations":[{"start":{"line":19,"column":4},"end":{"line":21,"column":5}},{"start":{},"end":{}}],"line":19},"1":{"loc":{"start":{"line":29,"column":4},"end":{"line":31,"column":5}},"type":"if","locations":[{"start":{"line":29,"column":4},"end":{"line":31,"column":5}},{"start":{},"end":{}}],"line":29},"2":{"loc":{"start":{"line":34,"column":21},"end":{"line":34,"column":46}},"type":"binary-expr","locations":[{"start":{"line":34,"column":21},"end":{"line":34,"column":37}},{"start":{"line":34,"column":41},"end":{"line":34,"column":46}}],"line":34},"3":{"loc":{"start":{"line":53,"column":4},"end":{"line":55,"column":5}},"type":"if","locations":[{"start":{"line":53,"column":4},"end":{"line":55,"column":5}},{"start":{},"end":{}}],"line":53},"4":{"loc":{"start":{"line":63,"column":4},"end":{"line":65,"column":5}},"type":"if","locations":[{"start":{"line":63,"column":4},"end":{"line":65,"column":5}},{"start":{},"end":{}}],"line":63},"5":{"loc":{"start":{"line":68,"column":21},"end":{"line":68,"column":46}},"type":"binary-expr","locations":[{"start":{"line":68,"column":21},"end":{"line":68,"column":37}},{"start":{"line":68,"column":41},"end":{"line":68,"column":46}}],"line":68},"6":{"loc":{"start":{"line":87,"column":4},"end":{"line":89,"column":5}},"type":"if","locations":[{"start":{"line":87,"column":4},"end":{"line":89,"column":5}},{"start":{},"end":{}}],"line":87},"7":{"loc":{"start":{"line":87,"column":8},"end":{"line":87,"column":36}},"type":"binary-expr","locations":[{"start":{"line":87,"column":8},"end":{"line":87,"column":17}},{"start":{"line":87,"column":21},"end":{"line":87,"column":27}},{"start":{"line":87,"column":31},"end":{"line":87,"column":36}}],"line":87},"8":{"loc":{"start":{"line":97,"column":4},"end":{"line":99,"column":5}},"type":"if","locations":[{"start":{"line":97,"column":4},"end":{"line":99,"column":5}},{"start":{},"end":{}}],"line":97},"9":{"loc":{"start":{"line":102,"column":21},"end":{"line":102,"column":46}},"type":"binary-expr","locations":[{"start":{"line":102,"column":21},"end":{"line":102,"column":37}},{"start":{"line":102,"column":41},"end":{"line":102,"column":46}}],"line":102}},"s":{"0":0,"1":0,"2":0,"3":0,"4":0,"5":0,"6":0,"7":0,"8":0,"9":0,"10":0,"11":0,"12":0,"13":0,"14":0,"15":0,"16":0,"17":0,"18":0,"19":0,"20":0,"21":0,"22":0,"23":0,"24":0,"25":0,"26":0,"27":0,"28":0,"29":0,"30":0,"31":0,"32":0,"33":0,"34":0,"35":0,"36":0,"37":0,"38":0,"39":0,"40":0,"41":0,"42":0,"43":0,"44":0,"45":0,"46":0,"47":0,"48":0,"49":0,"50":0,"51":0,"52":0},"f":{"0":0,"1":0,"2":0},"b":{"0":[0,0],"1":[0,0],"2":[0,0],"3":[0,0],"4":[0,0],"5":[0,0],"6":[0,0],"7":[0,0,0],"8":[0,0],"9":[0,0]},"inputSourceMap":null}
,"/Users/sargiskhachatryan/repos/new_shit/server/routes/family.js": {"path":"/Users/sargiskhachatryan/repos/new_shit/server/routes/family.js","statementMap":{"0":{"start":{"line":5,"column":15},"end":{"line":5,"column":31}},"1":{"start":{"line":6,"column":0},"end":{"line":6,"column":30}},"2":{"start":{"line":9,"column":0},"end":{"line":36,"column":3}},"3":{"start":{"line":10,"column":2},"end":{"line":35,"column":3}},"4":{"start":{"line":11,"column":39},"end":{"line":11,"column":47}},"5":{"start":{"line":12,"column":19},"end":{"line":12,"column":34}},"6":{"start":{"line":14,"column":4},"end":{"line":16,"column":5}},"7":{"start":{"line":15,"column":6},"end":{"line":15,"column":72}},"8":{"start":{"line":18,"column":28},"end":{"line":18,"column":56}},"9":{"start":{"line":19,"column":27},"end":{"line":19,"column":80}},"10":{"start":{"line":21,"column":19},"end":{"line":21,"column":109}},"11":{"start":{"line":22,"column":21},"end":{"line":22,"column":34}},"12":{"start":{"line":25,"column":4},"end":{"line":28,"column":6}},"13":{"start":{"line":30,"column":19},"end":{"line":30,"column":81}},"14":{"start":{"line":31,"column":4},"end":{"line":31,"column":37}},"15":{"start":{"line":33,"column":4},"end":{"line":33,"column":49}},"16":{"start":{"line":34,"column":4},"end":{"line":34,"column":52}},"17":{"start":{"line":39,"column":0},"end":{"line":54,"column":3}},"18":{"start":{"line":40,"column":2},"end":{"line":53,"column":3}},"19":{"start":{"line":41,"column":19},"end":{"line":41,"column":34}},"20":{"start":{"line":42,"column":21},"end":{"line":47,"column":16}},"21":{"start":{"line":49,"column":4},"end":{"line":49,"column":27}},"22":{"start":{"line":51,"column":4},"end":{"line":51,"column":48}},"23":{"start":{"line":52,"column":4},"end":{"line":52,"column":52}},"24":{"start":{"line":57,"column":0},"end":{"line":85,"column":3}},"25":{"start":{"line":58,"column":2},"end":{"line":84,"column":3}},"26":{"start":{"line":59,"column":21},"end":{"line":59,"column":34}},"27":{"start":{"line":60,"column":19},"end":{"line":60,"column":34}},"28":{"start":{"line":63,"column":19},"end":{"line":66,"column":5}},"29":{"start":{"line":68,"column":4},"end":{"line":70,"column":5}},"30":{"start":{"line":69,"column":6},"end":{"line":69,"column":62}},"31":{"start":{"line":72,"column":19},"end":{"line":72,"column":81}},"32":{"start":{"line":73,"column":20},"end":{"line":78,"column":18}},"33":{"start":{"line":80,"column":4},"end":{"line":80,"column":57}},"34":{"start":{"line":82,"column":4},"end":{"line":82,"column":46}},"35":{"start":{"line":83,"column":4},"end":{"line":83,"column":52}},"36":{"start":{"line":88,"column":0},"end":{"line":117,"column":3}},"37":{"start":{"line":89,"column":2},"end":{"line":116,"column":3}},"38":{"start":{"line":90,"column":19},"end":{"line":90,"column":29}},"39":{"start":{"line":91,"column":25},"end":{"line":91,"column":33}},"40":{"start":{"line":92,"column":19},"end":{"line":92,"column":34}},"41":{"start":{"line":94,"column":28},"end":{"line":94,"column":56}},"42":{"start":{"line":95,"column":4},"end":{"line":97,"column":5}},"43":{"start":{"line":96,"column":6},"end":{"line":96,"column":65}},"44":{"start":{"line":100,"column":19},"end":{"line":103,"column":5}},"45":{"start":{"line":105,"column":4},"end":{"line":107,"column":5}},"46":{"start":{"line":106,"column":6},"end":{"line":106,"column":91}},"47":{"start":{"line":109,"column":4},"end":{"line":109,"column":81}},"48":{"start":{"line":110,"column":19},"end":{"line":110,"column":75}},"49":{"start":{"line":112,"column":4},"end":{"line":112,"column":25}},"50":{"start":{"line":114,"column":4},"end":{"line":114,"column":51}},"51":{"start":{"line":115,"column":4},"end":{"line":115,"column":52}},"52":{"start":{"line":120,"column":0},"end":{"line":162,"column":3}},"53":{"start":{"line":121,"column":2},"end":{"line":161,"column":3}},"54":{"start":{"line":122,"column":21},"end":{"line":122,"column":34}},"55":{"start":{"line":123,"column":19},"end":{"line":123,"column":34}},"56":{"start":{"line":124,"column":39},"end":{"line":124,"column":47}},"57":{"start":{"line":127,"column":22},"end":{"line":130,"column":5}},"58":{"start":{"line":132,"column":4},"end":{"line":134,"column":5}},"59":{"start":{"line":133,"column":6},"end":{"line":133,"column":87}},"60":{"start":{"line":137,"column":17},"end":{"line":137,"column":77}},"61":{"start":{"line":138,"column":4},"end":{"line":140,"column":5}},"62":{"start":{"line":139,"column":6},"end":{"line":139,"column":63}},"63":{"start":{"line":143,"column":21},"end":{"line":146,"column":5}},"64":{"start":{"line":148,"column":4},"end":{"line":150,"column":5}},"65":{"start":{"line":149,"column":6},"end":{"line":149,"column":73}},"66":{"start":{"line":152,"column":4},"end":{"line":155,"column":6}},"67":{"start":{"line":157,"column":4},"end":{"line":157,"column":67}},"68":{"start":{"line":159,"column":4},"end":{"line":159,"column":46}},"69":{"start":{"line":160,"column":4},"end":{"line":160,"column":52}}},"fnMap":{"0":{"name":"(anonymous_0)","decl":{"start":{"line":9,"column":17},"end":{"line":9,"column":18}},"loc":{"start":{"line":9,"column":37},"end":{"line":36,"column":1}},"line":9},"1":{"name":"(anonymous_1)","decl":{"start":{"line":39,"column":16},"end":{"line":39,"column":17}},"loc":{"start":{"line":39,"column":36},"end":{"line":54,"column":1}},"line":39},"2":{"name":"(anonymous_2)","decl":{"start":{"line":57,"column":19},"end":{"line":57,"column":20}},"loc":{"start":{"line":57,"column":39},"end":{"line":85,"column":1}},"line":57},"3":{"name":"(anonymous_3)","decl":{"start":{"line":88,"column":28},"end":{"line":88,"column":29}},"loc":{"start":{"line":88,"column":48},"end":{"line":117,"column":1}},"line":88},"4":{"name":"(anonymous_4)","decl":{"start":{"line":120,"column":28},"end":{"line":120,"column":29}},"loc":{"start":{"line":120,"column":48},"end":{"line":162,"column":1}},"line":120}},"branchMap":{"0":{"loc":{"start":{"line":11,"column":18},"end":{"line":11,"column":34}},"type":"default-arg","locations":[{"start":{"line":11,"column":29},"end":{"line":11,"column":34}}],"line":11},"1":{"loc":{"start":{"line":14,"column":4},"end":{"line":16,"column":5}},"type":"if","locations":[{"start":{"line":14,"column":4},"end":{"line":16,"column":5}},{"start":{},"end":{}}],"line":14},"2":{"loc":{"start":{"line":19,"column":27},"end":{"line":19,"column":80}},"type":"cond-expr","locations":[{"start":{"line":19,"column":64},"end":{"line":19,"column":72}},{"start":{"line":19,"column":75},"end":{"line":19,"column":80}}],"line":19},"3":{"loc":{"start":{"line":68,"column":4},"end":{"line":70,"column":5}},"type":"if","locations":[{"start":{"line":68,"column":4},"end":{"line":70,"column":5}},{"start":{},"end":{}}],"line":68},"4":{"loc":{"start":{"line":95,"column":4},"end":{"line":97,"column":5}},"type":"if","locations":[{"start":{"line":95,"column":4},"end":{"line":97,"column":5}},{"start":{},"end":{}}],"line":95},"5":{"loc":{"start":{"line":105,"column":4},"end":{"line":107,"column":5}},"type":"if","locations":[{"start":{"line":105,"column":4},"end":{"line":107,"column":5}},{"start":{},"end":{}}],"line":105},"6":{"loc":{"start":{"line":105,"column":8},"end":{"line":105,"column":60}},"type":"binary-expr","locations":[{"start":{"line":105,"column":8},"end":{"line":105,"column":15}},{"start":{"line":105,"column":19},"end":{"line":105,"column":60}}],"line":105},"7":{"loc":{"start":{"line":124,"column":19},"end":{"line":124,"column":34}},"type":"default-arg","locations":[{"start":{"line":124,"column":26},"end":{"line":124,"column":34}}],"line":124},"8":{"loc":{"start":{"line":132,"column":4},"end":{"line":134,"column":5}},"type":"if","locations":[{"start":{"line":132,"column":4},"end":{"line":134,"column":5}},{"start":{},"end":{}}],"line":132},"9":{"loc":{"start":{"line":132,"column":8},"end":{"line":132,"column":66}},"type":"binary-expr","locations":[{"start":{"line":132,"column":8},"end":{"line":132,"column":18}},{"start":{"line":132,"column":22},"end":{"line":132,"column":66}}],"line":132},"10":{"loc":{"start":{"line":138,"column":4},"end":{"line":140,"column":5}},"type":"if","locations":[{"start":{"line":138,"column":4},"end":{"line":140,"column":5}},{"start":{},"end":{}}],"line":138},"11":{"loc":{"start":{"line":148,"column":4},"end":{"line":150,"column":5}},"type":"if","locations":[{"start":{"line":148,"column":4},"end":{"line":150,"column":5}},{"start":{},"end":{}}],"line":148}},"s":{"0":6,"1":6,"2":6,"3":6,"4":6,"5":6,"6":6,"7":0,"8":6,"9":6,"10":6,"11":6,"12":6,"13":6,"14":6,"15":0,"16":0,"17":6,"18":0,"19":0,"20":0,"21":0,"22":0,"23":0,"24":6,"25":1,"26":1,"27":1,"28":1,"29":1,"30":0,"31":1,"32":1,"33":1,"34":0,"35":0,"36":6,"37":1,"38":1,"39":1,"40":1,"41":1,"42":1,"43":0,"44":1,"45":1,"46":0,"47":1,"48":1,"49":1,"50":0,"51":0,"52":6,"53":1,"54":1,"55":1,"56":1,"57":1,"58":1,"59":0,"60":1,"61":1,"62":0,"63":1,"64":1,"65":0,"66":1,"67":1,"68":0,"69":0},"f":{"0":6,"1":0,"2":1,"3":1,"4":1},"b":{"0":[5],"1":[0,6],"2":[6,0],"3":[0,1],"4":[0,1],"5":[0,1],"6":[1,1],"7":[1],"8":[0,1],"9":[1,1],"10":[0,1],"11":[0,1]},"inputSourceMap":null,"_coverageSchema":"1a1c01bbd47fc00a2c39e90264f33305004495a9","hash":"cfb03543bddf9dfb43169b6eae4ee58667fe0c74"}
,"/Users/sargiskhachatryan/repos/new_shit/server/routes/goal.js": {"path":"/Users/sargiskhachatryan/repos/new_shit/server/routes/goal.js","statementMap":{"0":{"start":{"line":5,"column":15},"end":{"line":5,"column":31}},"1":{"start":{"line":6,"column":0},"end":{"line":6,"column":30}},"2":{"start":{"line":9,"column":0},"end":{"line":37,"column":3}},"3":{"start":{"line":10,"column":2},"end":{"line":36,"column":3}},"4":{"start":{"line":11,"column":25},"end":{"line":11,"column":35}},"5":{"start":{"line":12,"column":19},"end":{"line":12,"column":34}},"6":{"start":{"line":15,"column":19},"end":{"line":18,"column":5}},"7":{"start":{"line":20,"column":4},"end":{"line":22,"column":5}},"8":{"start":{"line":21,"column":6},"end":{"line":21,"column":62}},"9":{"start":{"line":24,"column":18},"end":{"line":30,"column":18}},"10":{"start":{"line":32,"column":4},"end":{"line":32,"column":24}},"11":{"start":{"line":34,"column":4},"end":{"line":34,"column":45}},"12":{"start":{"line":35,"column":4},"end":{"line":35,"column":52}},"13":{"start":{"line":40,"column":0},"end":{"line":92,"column":3}},"14":{"start":{"line":41,"column":2},"end":{"line":91,"column":3}},"15":{"start":{"line":42,"column":105},"end":{"line":42,"column":113}},"16":{"start":{"line":43,"column":19},"end":{"line":43,"column":34}},"17":{"start":{"line":45,"column":4},"end":{"line":47,"column":5}},"18":{"start":{"line":46,"column":6},"end":{"line":46,"column":96}},"19":{"start":{"line":50,"column":20},"end":{"line":50,"column":38}},"20":{"start":{"line":51,"column":4},"end":{"line":53,"column":5}},"21":{"start":{"line":52,"column":6},"end":{"line":52,"column":91}},"22":{"start":{"line":56,"column":4},"end":{"line":63,"column":5}},"23":{"start":{"line":57,"column":21},"end":{"line":57,"column":41}},"24":{"start":{"line":58,"column":20},"end":{"line":58,"column":30}},"25":{"start":{"line":59,"column":6},"end":{"line":59,"column":33}},"26":{"start":{"line":60,"column":6},"end":{"line":62,"column":7}},"27":{"start":{"line":61,"column":8},"end":{"line":61,"column":84}},"28":{"start":{"line":66,"column":19},"end":{"line":69,"column":5}},"29":{"start":{"line":71,"column":4},"end":{"line":73,"column":5}},"30":{"start":{"line":72,"column":6},"end":{"line":72,"column":62}},"31":{"start":{"line":75,"column":19},"end":{"line":78,"column":5}},"32":{"start":{"line":80,"column":17},"end":{"line":85,"column":23}},"33":{"start":{"line":87,"column":4},"end":{"line":87,"column":35}},"34":{"start":{"line":89,"column":4},"end":{"line":89,"column":47}},"35":{"start":{"line":90,"column":4},"end":{"line":90,"column":52}},"36":{"start":{"line":95,"column":0},"end":{"line":147,"column":3}},"37":{"start":{"line":96,"column":2},"end":{"line":146,"column":3}},"38":{"start":{"line":97,"column":19},"end":{"line":97,"column":29}},"39":{"start":{"line":98,"column":75},"end":{"line":98,"column":83}},"40":{"start":{"line":99,"column":19},"end":{"line":99,"column":34}},"41":{"start":{"line":101,"column":17},"end":{"line":101,"column":70}},"42":{"start":{"line":102,"column":4},"end":{"line":104,"column":5}},"43":{"start":{"line":103,"column":6},"end":{"line":103,"column":63}},"44":{"start":{"line":107,"column":23},"end":{"line":107,"column":88}},"45":{"start":{"line":108,"column":22},"end":{"line":108,"column":84}},"46":{"start":{"line":109,"column":4},"end":{"line":111,"column":5}},"47":{"start":{"line":110,"column":6},"end":{"line":110,"column":91}},"48":{"start":{"line":114,"column":19},"end":{"line":117,"column":5}},"49":{"start":{"line":119,"column":4},"end":{"line":121,"column":5}},"50":{"start":{"line":120,"column":6},"end":{"line":120,"column":62}},"51":{"start":{"line":123,"column":4},"end":{"line":133,"column":6}},"52":{"start":{"line":135,"column":20},"end":{"line":140,"column":12}},"53":{"start":{"line":142,"column":4},"end":{"line":142,"column":32}},"54":{"start":{"line":144,"column":4},"end":{"line":144,"column":47}},"55":{"start":{"line":145,"column":4},"end":{"line":145,"column":52}},"56":{"start":{"line":150,"column":0},"end":{"line":176,"column":3}},"57":{"start":{"line":151,"column":2},"end":{"line":175,"column":3}},"58":{"start":{"line":152,"column":19},"end":{"line":152,"column":29}},"59":{"start":{"line":153,"column":19},"end":{"line":153,"column":34}},"60":{"start":{"line":155,"column":17},"end":{"line":155,"column":70}},"61":{"start":{"line":156,"column":4},"end":{"line":158,"column":5}},"62":{"start":{"line":157,"column":6},"end":{"line":157,"column":63}},"63":{"start":{"line":161,"column":19},"end":{"line":164,"column":5}},"64":{"start":{"line":166,"column":4},"end":{"line":168,"column":5}},"65":{"start":{"line":167,"column":6},"end":{"line":167,"column":62}},"66":{"start":{"line":170,"column":4},"end":{"line":170,"column":56}},"67":{"start":{"line":171,"column":4},"end":{"line":171,"column":42}},"68":{"start":{"line":173,"column":4},"end":{"line":173,"column":47}},"69":{"start":{"line":174,"column":4},"end":{"line":174,"column":52}}},"fnMap":{"0":{"name":"(anonymous_0)","decl":{"start":{"line":9,"column":32},"end":{"line":9,"column":33}},"loc":{"start":{"line":9,"column":52},"end":{"line":37,"column":1}},"line":9},"1":{"name":"(anonymous_1)","decl":{"start":{"line":40,"column":17},"end":{"line":40,"column":18}},"loc":{"start":{"line":40,"column":37},"end":{"line":92,"column":1}},"line":40},"2":{"name":"(anonymous_2)","decl":{"start":{"line":95,"column":19},"end":{"line":95,"column":20}},"loc":{"start":{"line":95,"column":39},"end":{"line":147,"column":1}},"line":95},"3":{"name":"(anonymous_3)","decl":{"start":{"line":150,"column":22},"end":{"line":150,"column":23}},"loc":{"start":{"line":150,"column":42},"end":{"line":176,"column":1}},"line":150}},"branchMap":{"0":{"loc":{"start":{"line":20,"column":4},"end":{"line":22,"column":5}},"type":"if","locations":[{"start":{"line":20,"column":4},"end":{"line":22,"column":5}},{"start":{},"end":{}}],"line":20},"1":{"loc":{"start":{"line":45,"column":4},"end":{"line":47,"column":5}},"type":"if","locations":[{"start":{"line":45,"column":4},"end":{"line":47,"column":5}},{"start":{},"end":{}}],"line":45},"2":{"loc":{"start":{"line":45,"column":8},"end":{"line":45,"column":43}},"type":"binary-expr","locations":[{"start":{"line":45,"column":8},"end":{"line":45,"column":17}},{"start":{"line":45,"column":21},"end":{"line":45,"column":26}},{"start":{"line":45,"column":30},"end":{"line":45,"column":43}}],"line":45},"3":{"loc":{"start":{"line":50,"column":20},"end":{"line":50,"column":38}},"type":"binary-expr","locations":[{"start":{"line":50,"column":20},"end":{"line":50,"column":33}},{"start":{"line":50,"column":37},"end":{"line":50,"column":38}}],"line":50},"4":{"loc":{"start":{"line":51,"column":4},"end":{"line":53,"column":5}},"type":"if","locations":[{"start":{"line":51,"column":4},"end":{"line":53,"column":5}},{"start":{},"end":{}}],"line":51},"5":{"loc":{"start":{"line":56,"column":4},"end":{"line":63,"column":5}},"type":"if","locations":[{"start":{"line":56,"column":4},"end":{"line":63,"column":5}},{"start":{},"end":{}}],"line":56},"6":{"loc":{"start":{"line":60,"column":6},"end":{"line":62,"column":7}},"type":"if","locations":[{"start":{"line":60,"column":6},"end":{"line":62,"column":7}},{"start":{},"end":{}}],"line":60},"7":{"loc":{"start":{"line":71,"column":4},"end":{"line":73,"column":5}},"type":"if","locations":[{"start":{"line":71,"column":4},"end":{"line":73,"column":5}},{"start":{},"end":{}}],"line":71},"8":{"loc":{"start":{"line":77,"column":17},"end":{"line":77,"column":35}},"type":"binary-expr","locations":[{"start":{"line":77,"column":17},"end":{"line":77,"column":27}},{"start":{"line":77,"column":31},"end":{"line":77,"column":35}}],"line":77},"9":{"loc":{"start":{"line":77,"column":57},"end":{"line":77,"column":75}},"type":"binary-expr","locations":[{"start":{"line":77,"column":57},"end":{"line":77,"column":70}},{"start":{"line":77,"column":74},"end":{"line":77,"column":75}}],"line":77},"10":{"loc":{"start":{"line":77,"column":77},"end":{"line":77,"column":95}},"type":"binary-expr","locations":[{"start":{"line":77,"column":77},"end":{"line":77,"column":87}},{"start":{"line":77,"column":91},"end":{"line":77,"column":95}}],"line":77},"11":{"loc":{"start":{"line":77,"column":97},"end":{"line":77,"column":116}},"type":"binary-expr","locations":[{"start":{"line":77,"column":97},"end":{"line":77,"column":108}},{"start":{"line":77,"column":112},"end":{"line":77,"column":116}}],"line":77},"12":{"loc":{"start":{"line":102,"column":4},"end":{"line":104,"column":5}},"type":"if","locations":[{"start":{"line":102,"column":4},"end":{"line":104,"column":5}},{"start":{},"end":{}}],"line":102},"13":{"loc":{"start":{"line":107,"column":23},"end":{"line":107,"column":88}},"type":"cond-expr","locations":[{"start":{"line":107,"column":53},"end":{"line":107,"column":66}},{"start":{"line":107,"column":69},"end":{"line":107,"column":88}}],"line":107},"14":{"loc":{"start":{"line":108,"column":22},"end":{"line":108,"column":84}},"type":"cond-expr","locations":[{"start":{"line":108,"column":51},"end":{"line":108,"column":63}},{"start":{"line":108,"column":66},"end":{"line":108,"column":84}}],"line":108},"15":{"loc":{"start":{"line":109,"column":4},"end":{"line":111,"column":5}},"type":"if","locations":[{"start":{"line":109,"column":4},"end":{"line":111,"column":5}},{"start":{},"end":{}}],"line":109},"16":{"loc":{"start":{"line":119,"column":4},"end":{"line":121,"column":5}},"type":"if","locations":[{"start":{"line":119,"column":4},"end":{"line":121,"column":5}},{"start":{},"end":{}}],"line":119},"17":{"loc":{"start":{"line":126,"column":8},"end":{"line":126,"column":25}},"type":"binary-expr","locations":[{"start":{"line":126,"column":8},"end":{"line":126,"column":12}},{"start":{"line":126,"column":16},"end":{"line":126,"column":25}}],"line":126},"18":{"loc":{"start":{"line":127,"column":8},"end":{"line":127,"column":42}},"type":"binary-expr","locations":[{"start":{"line":127,"column":8},"end":{"line":127,"column":20}},{"start":{"line":127,"column":24},"end":{"line":127,"column":42}}],"line":127},"19":{"loc":{"start":{"line":128,"column":8},"end":{"line":128,"column":73}},"type":"cond-expr","locations":[{"start":{"line":128,"column":38},"end":{"line":128,"column":51}},{"start":{"line":128,"column":54},"end":{"line":128,"column":73}}],"line":128},"20":{"loc":{"start":{"line":129,"column":8},"end":{"line":129,"column":64}},"type":"cond-expr","locations":[{"start":{"line":129,"column":35},"end":{"line":129,"column":45}},{"start":{"line":129,"column":48},"end":{"line":129,"column":64}}],"line":129},"21":{"loc":{"start":{"line":130,"column":8},"end":{"line":130,"column":66}},"type":"cond-expr","locations":[{"start":{"line":130,"column":36},"end":{"line":130,"column":47}},{"start":{"line":130,"column":50},"end":{"line":130,"column":66}}],"line":130},"22":{"loc":{"start":{"line":156,"column":4},"end":{"line":158,"column":5}},"type":"if","locations":[{"start":{"line":156,"column":4},"end":{"line":158,"column":5}},{"start":{},"end":{}}],"line":156},"23":{"loc":{"start":{"line":166,"column":4},"end":{"line":168,"column":5}},"type":"if","locations":[{"start":{"line":166,"column":4},"end":{"line":168,"column":5}},{"start":{},"end":{}}],"line":166}},"s":{"0":2,"1":2,"2":2,"3":3,"4":3,"5":3,"6":3,"7":3,"8":0,"9":3,"10":3,"11":0,"12":0,"13":2,"14":10,"15":10,"16":10,"17":10,"18":1,"19":9,"20":9,"21":1,"22":8,"23":8,"24":8,"25":8,"26":8,"27":1,"28":7,"29":7,"30":0,"31":7,"32":7,"33":7,"34":0,"35":0,"36":2,"37":4,"38":4,"39":4,"40":4,"41":4,"42":4,"43":0,"44":4,"45":4,"46":4,"47":1,"48":3,"49":3,"50":0,"51":3,"52":3,"53":3,"54":0,"55":0,"56":2,"57":1,"58":1,"59":1,"60":1,"61":1,"62":0,"63":1,"64":1,"65":0,"66":1,"67":1,"68":0,"69":0},"f":{"0":3,"1":10,"2":4,"3":1},"b":{"0":[0,3],"1":[1,9],"2":[10,10,9],"3":[9,4],"4":[1,8],"5":[8,0],"6":[1,7],"7":[0,7],"8":[7,7],"9":[7,3],"10":[7,0],"11":[7,5],"12":[0,4],"13":[3,1],"14":[1,3],"15":[1,3],"16":[0,3],"17":[3,3],"18":[3,2],"19":[2,1],"20":[0,3],"21":[0,3],"22":[0,1],"23":[0,1]},"inputSourceMap":null,"_coverageSchema":"1a1c01bbd47fc00a2c39e90264f33305004495a9","hash":"2d0f003510c2b969e460304a8d2b887520d29df3"}
,"/Users/sargiskhachatryan/repos/new_shit/server/routes/notification.js": {"path":"/Users/sargiskhachatryan/repos/new_shit/server/routes/notification.js","statementMap":{"0":{"start":{"line":5,"column":15},"end":{"line":5,"column":31}},"1":{"start":{"line":6,"column":0},"end":{"line":6,"column":30}},"2":{"start":{"line":9,"column":0},"end":{"line":53,"column":3}},"3":{"start":{"line":10,"column":2},"end":{"line":52,"column":3}},"4":{"start":{"line":11,"column":25},"end":{"line":11,"column":35}},"5":{"start":{"line":12,"column":27},"end":{"line":12,"column":36}},"6":{"start":{"line":13,"column":19},"end":{"line":13,"column":34}},"7":{"start":{"line":16,"column":19},"end":{"line":19,"column":5}},"8":{"start":{"line":21,"column":4},"end":{"line":23,"column":5}},"9":{"start":{"line":22,"column":6},"end":{"line":22,"column":62}},"10":{"start":{"line":25,"column":16},"end":{"line":28,"column":5}},"11":{"start":{"line":29,"column":19},"end":{"line":29,"column":37}},"12":{"start":{"line":31,"column":4},"end":{"line":33,"column":5}},"13":{"start":{"line":32,"column":6},"end":{"line":32,"column":31}},"14":{"start":{"line":35,"column":4},"end":{"line":35,"column":50}},"15":{"start":{"line":37,"column":26},"end":{"line":37,"column":52}},"16":{"start":{"line":40,"column":24},"end":{"line":43,"column":5}},"17":{"start":{"line":45,"column":4},"end":{"line":48,"column":7}},"18":{"start":{"line":50,"column":4},"end":{"line":50,"column":53}},"19":{"start":{"line":51,"column":4},"end":{"line":51,"column":52}},"20":{"start":{"line":56,"column":0},"end":{"line":83,"column":3}},"21":{"start":{"line":57,"column":2},"end":{"line":82,"column":3}},"22":{"start":{"line":58,"column":19},"end":{"line":58,"column":29}},"23":{"start":{"line":59,"column":21},"end":{"line":59,"column":29}},"24":{"start":{"line":60,"column":19},"end":{"line":60,"column":34}},"25":{"start":{"line":62,"column":25},"end":{"line":62,"column":86}},"26":{"start":{"line":63,"column":4},"end":{"line":65,"column":5}},"27":{"start":{"line":64,"column":6},"end":{"line":64,"column":71}},"28":{"start":{"line":68,"column":19},"end":{"line":71,"column":5}},"29":{"start":{"line":73,"column":4},"end":{"line":75,"column":5}},"30":{"start":{"line":74,"column":6},"end":{"line":74,"column":62}},"31":{"start":{"line":77,"column":4},"end":{"line":77,"column":103}},"32":{"start":{"line":78,"column":4},"end":{"line":78,"column":50}},"33":{"start":{"line":80,"column":4},"end":{"line":80,"column":58}},"34":{"start":{"line":81,"column":4},"end":{"line":81,"column":52}},"35":{"start":{"line":86,"column":0},"end":{"line":110,"column":3}},"36":{"start":{"line":87,"column":2},"end":{"line":109,"column":3}},"37":{"start":{"line":88,"column":25},"end":{"line":88,"column":35}},"38":{"start":{"line":89,"column":19},"end":{"line":89,"column":34}},"39":{"start":{"line":92,"column":19},"end":{"line":95,"column":5}},"40":{"start":{"line":97,"column":4},"end":{"line":99,"column":5}},"41":{"start":{"line":98,"column":6},"end":{"line":98,"column":62}},"42":{"start":{"line":101,"column":4},"end":{"line":104,"column":6}},"43":{"start":{"line":105,"column":4},"end":{"line":105,"column":62}},"44":{"start":{"line":107,"column":4},"end":{"line":107,"column":49}},"45":{"start":{"line":108,"column":4},"end":{"line":108,"column":52}},"46":{"start":{"line":113,"column":0},"end":{"line":138,"column":3}},"47":{"start":{"line":114,"column":2},"end":{"line":137,"column":3}},"48":{"start":{"line":115,"column":19},"end":{"line":115,"column":29}},"49":{"start":{"line":116,"column":19},"end":{"line":116,"column":34}},"50":{"start":{"line":118,"column":25},"end":{"line":118,"column":86}},"51":{"start":{"line":119,"column":4},"end":{"line":121,"column":5}},"52":{"start":{"line":120,"column":6},"end":{"line":120,"column":71}},"53":{"start":{"line":123,"column":19},"end":{"line":126,"column":5}},"54":{"start":{"line":128,"column":4},"end":{"line":130,"column":5}},"55":{"start":{"line":129,"column":6},"end":{"line":129,"column":62}},"56":{"start":{"line":132,"column":4},"end":{"line":132,"column":64}},"57":{"start":{"line":133,"column":4},"end":{"line":133,"column":50}},"58":{"start":{"line":135,"column":4},"end":{"line":135,"column":55}},"59":{"start":{"line":136,"column":4},"end":{"line":136,"column":52}}},"fnMap":{"0":{"name":"(anonymous_0)","decl":{"start":{"line":9,"column":32},"end":{"line":9,"column":33}},"loc":{"start":{"line":9,"column":52},"end":{"line":53,"column":1}},"line":9},"1":{"name":"(anonymous_1)","decl":{"start":{"line":56,"column":24},"end":{"line":56,"column":25}},"loc":{"start":{"line":56,"column":44},"end":{"line":83,"column":1}},"line":56},"2":{"name":"(anonymous_2)","decl":{"start":{"line":86,"column":41},"end":{"line":86,"column":42}},"loc":{"start":{"line":86,"column":61},"end":{"line":110,"column":1}},"line":86},"3":{"name":"(anonymous_3)","decl":{"start":{"line":113,"column":22},"end":{"line":113,"column":23}},"loc":{"start":{"line":113,"column":42},"end":{"line":138,"column":1}},"line":113}},"branchMap":{"0":{"loc":{"start":{"line":21,"column":4},"end":{"line":23,"column":5}},"type":"if","locations":[{"start":{"line":21,"column":4},"end":{"line":23,"column":5}},{"start":{},"end":{}}],"line":21},"1":{"loc":{"start":{"line":31,"column":4},"end":{"line":33,"column":5}},"type":"if","locations":[{"start":{"line":31,"column":4},"end":{"line":33,"column":5}},{"start":{},"end":{}}],"line":31},"2":{"loc":{"start":{"line":47,"column":19},"end":{"line":47,"column":42}},"type":"binary-expr","locations":[{"start":{"line":47,"column":19},"end":{"line":47,"column":37}},{"start":{"line":47,"column":41},"end":{"line":47,"column":42}}],"line":47},"3":{"loc":{"start":{"line":63,"column":4},"end":{"line":65,"column":5}},"type":"if","locations":[{"start":{"line":63,"column":4},"end":{"line":65,"column":5}},{"start":{},"end":{}}],"line":63},"4":{"loc":{"start":{"line":73,"column":4},"end":{"line":75,"column":5}},"type":"if","locations":[{"start":{"line":73,"column":4},"end":{"line":75,"column":5}},{"start":{},"end":{}}],"line":73},"5":{"loc":{"start":{"line":77,"column":67},"end":{"line":77,"column":96}},"type":"cond-expr","locations":[{"start":{"line":77,"column":88},"end":{"line":77,"column":92}},{"start":{"line":77,"column":95},"end":{"line":77,"column":96}}],"line":77},"6":{"loc":{"start":{"line":97,"column":4},"end":{"line":99,"column":5}},"type":"if","locations":[{"start":{"line":97,"column":4},"end":{"line":99,"column":5}},{"start":{},"end":{}}],"line":97},"7":{"loc":{"start":{"line":119,"column":4},"end":{"line":121,"column":5}},"type":"if","locations":[{"start":{"line":119,"column":4},"end":{"line":121,"column":5}},{"start":{},"end":{}}],"line":119},"8":{"loc":{"start":{"line":128,"column":4},"end":{"line":130,"column":5}},"type":"if","locations":[{"start":{"line":128,"column":4},"end":{"line":130,"column":5}},{"start":{},"end":{}}],"line":128}},"s":{"0":0,"1":0,"2":0,"3":0,"4":0,"5":0,"6":0,"7":0,"8":0,"9":0,"10":0,"11":0,"12":0,"13":0,"14":0,"15":0,"16":0,"17":0,"18":0,"19":0,"20":0,"21":0,"22":0,"23":0,"24":0,"25":0,"26":0,"27":0,"28":0,"29":0,"30":0,"31":0,"32":0,"33":0,"34":0,"35":0,"36":0,"37":0,"38":0,"39":0,"40":0,"41":0,"42":0,"43":0,"44":0,"45":0,"46":0,"47":0,"48":0,"49":0,"50":0,"51":0,"52":0,"53":0,"54":0,"55":0,"56":0,"57":0,"58":0,"59":0},"f":{"0":0,"1":0,"2":0,"3":0},"b":{"0":[0,0],"1":[0,0],"2":[0,0],"3":[0,0],"4":[0,0],"5":[0,0],"6":[0,0],"7":[0,0],"8":[0,0]},"inputSourceMap":null}
,"/Users/sargiskhachatryan/repos/new_shit/server/routes/recurring.js": {"path":"/Users/sargiskhachatryan/repos/new_shit/server/routes/recurring.js","statementMap":{"0":{"start":{"line":6,"column":15},"end":{"line":6,"column":31}},"1":{"start":{"line":7,"column":0},"end":{"line":7,"column":30}},"2":{"start":{"line":11,"column":15},"end":{"line":11,"column":34}},"3":{"start":{"line":13,"column":2},"end":{"line":29,"column":3}},"4":{"start":{"line":15,"column":6},"end":{"line":15,"column":39}},"5":{"start":{"line":16,"column":6},"end":{"line":16,"column":12}},"6":{"start":{"line":18,"column":6},"end":{"line":18,"column":39}},"7":{"start":{"line":19,"column":6},"end":{"line":19,"column":12}},"8":{"start":{"line":21,"column":6},"end":{"line":21,"column":41}},"9":{"start":{"line":22,"column":6},"end":{"line":24,"column":7}},"10":{"start":{"line":23,"column":8},"end":{"line":23,"column":33}},"11":{"start":{"line":25,"column":6},"end":{"line":25,"column":12}},"12":{"start":{"line":27,"column":6},"end":{"line":27,"column":47}},"13":{"start":{"line":28,"column":6},"end":{"line":28,"column":12}},"14":{"start":{"line":31,"column":2},"end":{"line":31,"column":42}},"15":{"start":{"line":35,"column":0},"end":{"line":64,"column":3}},"16":{"start":{"line":36,"column":2},"end":{"line":63,"column":3}},"17":{"start":{"line":37,"column":25},"end":{"line":37,"column":35}},"18":{"start":{"line":38,"column":19},"end":{"line":38,"column":34}},"19":{"start":{"line":41,"column":19},"end":{"line":44,"column":5}},"20":{"start":{"line":46,"column":4},"end":{"line":48,"column":5}},"21":{"start":{"line":47,"column":6},"end":{"line":47,"column":62}},"22":{"start":{"line":50,"column":22},"end":{"line":57,"column":18}},"23":{"start":{"line":59,"column":4},"end":{"line":59,"column":28}},"24":{"start":{"line":61,"column":4},"end":{"line":61,"column":62}},"25":{"start":{"line":62,"column":4},"end":{"line":62,"column":52}},"26":{"start":{"line":67,"column":0},"end":{"line":140,"column":3}},"27":{"start":{"line":68,"column":2},"end":{"line":139,"column":3}},"28":{"start":{"line":80,"column":8},"end":{"line":80,"column":16}},"29":{"start":{"line":81,"column":19},"end":{"line":81,"column":34}},"30":{"start":{"line":83,"column":4},"end":{"line":85,"column":5}},"31":{"start":{"line":84,"column":6},"end":{"line":84,"column":72}},"32":{"start":{"line":88,"column":19},"end":{"line":91,"column":5}},"33":{"start":{"line":93,"column":4},"end":{"line":95,"column":5}},"34":{"start":{"line":94,"column":6},"end":{"line":94,"column":62}},"35":{"start":{"line":98,"column":21},"end":{"line":98,"column":87}},"36":{"start":{"line":99,"column":4},"end":{"line":101,"column":5}},"37":{"start":{"line":100,"column":6},"end":{"line":100,"column":82}},"38":{"start":{"line":104,"column":27},"end":{"line":104,"column":95}},"39":{"start":{"line":106,"column":19},"end":{"line":125,"column":5}},"40":{"start":{"line":127,"column":22},"end":{"line":133,"column":23}},"41":{"start":{"line":135,"column":4},"end":{"line":135,"column":40}},"42":{"start":{"line":137,"column":4},"end":{"line":137,"column":64}},"43":{"start":{"line":138,"column":4},"end":{"line":138,"column":52}},"44":{"start":{"line":143,"column":0},"end":{"line":221,"column":3}},"45":{"start":{"line":144,"column":2},"end":{"line":220,"column":3}},"46":{"start":{"line":145,"column":19},"end":{"line":145,"column":29}},"47":{"start":{"line":156,"column":8},"end":{"line":156,"column":16}},"48":{"start":{"line":157,"column":19},"end":{"line":157,"column":34}},"49":{"start":{"line":159,"column":22},"end":{"line":159,"column":92}},"50":{"start":{"line":160,"column":4},"end":{"line":162,"column":5}},"51":{"start":{"line":161,"column":6},"end":{"line":161,"column":80}},"52":{"start":{"line":165,"column":19},"end":{"line":168,"column":5}},"53":{"start":{"line":170,"column":4},"end":{"line":172,"column":5}},"54":{"start":{"line":171,"column":6},"end":{"line":171,"column":62}},"55":{"start":{"line":175,"column":25},"end":{"line":175,"column":58}},"56":{"start":{"line":176,"column":25},"end":{"line":176,"column":57}},"57":{"start":{"line":177,"column":26},"end":{"line":177,"column":88}},"58":{"start":{"line":178,"column":25},"end":{"line":178,"column":84}},"59":{"start":{"line":180,"column":27},"end":{"line":185,"column":5}},"60":{"start":{"line":187,"column":4},"end":{"line":206,"column":6}},"61":{"start":{"line":208,"column":20},"end":{"line":214,"column":12}},"62":{"start":{"line":216,"column":4},"end":{"line":216,"column":37}},"63":{"start":{"line":218,"column":4},"end":{"line":218,"column":64}},"64":{"start":{"line":219,"column":4},"end":{"line":219,"column":52}},"65":{"start":{"line":224,"column":0},"end":{"line":250,"column":3}},"66":{"start":{"line":225,"column":2},"end":{"line":249,"column":3}},"67":{"start":{"line":226,"column":19},"end":{"line":226,"column":29}},"68":{"start":{"line":227,"column":19},"end":{"line":227,"column":34}},"69":{"start":{"line":229,"column":22},"end":{"line":229,"column":92}},"70":{"start":{"line":230,"column":4},"end":{"line":232,"column":5}},"71":{"start":{"line":231,"column":6},"end":{"line":231,"column":80}},"72":{"start":{"line":235,"column":19},"end":{"line":238,"column":5}},"73":{"start":{"line":240,"column":4},"end":{"line":242,"column":5}},"74":{"start":{"line":241,"column":6},"end":{"line":241,"column":62}},"75":{"start":{"line":244,"column":4},"end":{"line":244,"column":73}},"76":{"start":{"line":245,"column":4},"end":{"line":245,"column":59}},"77":{"start":{"line":247,"column":4},"end":{"line":247,"column":64}},"78":{"start":{"line":248,"column":4},"end":{"line":248,"column":52}},"79":{"start":{"line":253,"column":0},"end":{"line":327,"column":3}},"80":{"start":{"line":254,"column":2},"end":{"line":326,"column":3
[...]
mn":63}},"90":{"start":{"line":185,"column":21},"end":{"line":185,"column":86}},"91":{"start":{"line":187,"column":18},"end":{"line":187,"column":49}},"92":{"start":{"line":188,"column":21},"end":{"line":188,"column":23}},"93":{"start":{"line":190,"column":6},"end":{"line":190,"column":50}},"94":{"start":{"line":190,"column":30},"end":{"line":190,"column":48}},"95":{"start":{"line":191,"column":6},"end":{"line":191,"column":58}},"96":{"start":{"line":191,"column":26},"end":{"line":191,"column":56}},"97":{"start":{"line":192,"column":6},"end":{"line":192,"column":30}},"98":{"start":{"line":195,"column":6},"end":{"line":195,"column":66}},"99":{"start":{"line":196,"column":6},"end":{"line":196,"column":21}},"100":{"start":{"line":197,"column":6},"end":{"line":197,"column":89}},"101":{"start":{"line":198,"column":6},"end":{"line":198,"column":137}},"102":{"start":{"line":199,"column":6},"end":{"line":199,"column":22}},"103":{"start":{"line":202,"column":28},"end":{"line":202,"column":85}},"104":{"start":{"line":202,"column":55},"end":{"line":202,"column":81}},"105":{"start":{"line":203,"column":25},"end":{"line":203,"column":81}},"106":{"start":{"line":203,"column":52},"end":{"line":203,"column":77}},"107":{"start":{"line":205,"column":6},"end":{"line":205,"column":60}},"108":{"start":{"line":206,"column":6},"end":{"line":206,"column":23}},"109":{"start":{"line":207,"column":6},"end":{"line":207,"column":77}},"110":{"start":{"line":208,"column":6},"end":{"line":208,"column":71}},"111":{"start":{"line":209,"column":6},"end":{"line":209,"column":85}},"112":{"start":{"line":210,"column":6},"end":{"line":210,"column":101}},"113":{"start":{"line":211,"column":6},"end":{"line":211,"column":22}},"114":{"start":{"line":214,"column":6},"end":{"line":214,"column":67}},"115":{"start":{"line":215,"column":6},"end":{"line":215,"column":24}},"116":{"start":{"line":217,"column":23},"end":{"line":217,"column":28}},"117":{"start":{"line":218,"column":6},"end":{"line":218,"column":22}},"118":{"start":{"line":219,"column":6},"end":{"line":219,"column":41}},"119":{"start":{"line":220,"column":6},"end":{"line":220,"column":74}},"120":{"start":{"line":221,"column":6},"end":{"line":221,"column":71}},"121":{"start":{"line":222,"column":6},"end":{"line":222,"column":75}},"122":{"start":{"line":223,"column":6},"end":{"line":223,"column":72}},"123":{"start":{"line":225,"column":14},"end":{"line":225,"column":27}},"124":{"start":{"line":226,"column":6},"end":{"line":243,"column":9}},"125":{"start":{"line":227,"column":8},"end":{"line":230,"column":9}},"126":{"start":{"line":228,"column":10},"end":{"line":228,"column":24}},"127":{"start":{"line":229,"column":10},"end":{"line":229,"column":17}},"128":{"start":{"line":232,"column":22},"end":{"line":232,"column":46}},"129":{"start":{"line":233,"column":25},"end":{"line":233,"column":50}},"130":{"start":{"line":234,"column":26},"end":{"line":234,"column":42}},"131":{"start":{"line":235,"column":22},"end":{"line":235,"column":65}},"132":{"start":{"line":237,"column":8},"end":{"line":237,"column":62}},"133":{"start":{"line":238,"column":8},"end":{"line":238,"column":93}},"134":{"start":{"line":239,"column":8},"end":{"line":239,"column":90}},"135":{"start":{"line":240,"column":8},"end":{"line":240,"column":94}},"136":{"start":{"line":241,"column":8},"end":{"line":241,"column":80}},"137":{"start":{"line":242,"column":8},"end":{"line":242,"column":16}},"138":{"start":{"line":245,"column":6},"end":{"line":245,"column":16}},"139":{"start":{"line":247,"column":6},"end":{"line":247,"column":20}}},"fnMap":{"0":{"name":"formatCurrency","decl":{"start":{"line":5,"column":9},"end":{"line":5,"column":23}},"loc":{"start":{"line":5,"column":42},"end":{"line":20,"column":1}},"line":5},"1":{"name":"exportTransactionsToCSV","decl":{"start":{"line":23,"column":22},"end":{"line":23,"column":45}},"loc":{"start":{"line":23,"column":94},"end":{"line":68,"column":1}},"line":23},"2":{"name":"(anonymous_2)","decl":{"start":{"line":49,"column":34},"end":{"line":49,"column":35}},"loc":{"start":{"line":49,"column":39},"end":{"line":56,"column":5}},"line":49},"3":{"name":"(anonymous_3)","decl":{"start":{"line":60,"column":18},"end":{"line":60,"column":19}},"loc":{"start":{"line":60,"column":25},"end":{"line":60,"column":91}},"line":60},"4":{"name":"(anonymous_4)","decl":{"start":{"line":60,"column":33},"end":{"line":60,"column":34}},"loc":{"start":{"line":60,"column":41},"end":{"line":60,"column":80}},"line":60},"5":{"name":"exportTransactionsToPDF","decl":{"start":{"line":71,"column":22},"end":{"line":71,"column":45}},"loc":{"start":{"line":71,"column":94},"end":{"line":162,"column":1}},"line":71},"6":{"name":"(anonymous_6)","decl":{"start":{"line":72,"column":21},"end":{"line":72,"column":22}},"loc":{"start":{"line":72,"column":48},"end":{"line":161,"column":3}},"line":72},"7":{"name":"(anonymous_7)","decl":{"start":{"line":100,"column":21},"end":{"line":100,"column":22}},"loc":{"start":{"line":100,"column":30},"end":{"line":100,"column":48}},"line":100},"8":{"name":"(anonymous_8)","decl":{"start":{"line":101,"column":20},"end":{"line":101,"column":21}},"loc":{"start":{"line":101,"column":26},"end":{"line":101,"column":56}},"line":101},"9":{"name":"(anonymous_9)","decl":{"start":{"line":115,"column":16},"end":{"line":115,"column":17}},"loc":{"start":{"line":115,"column":21},"end":{"line":115,"column":40}},"line":115},"10":{"name":"(anonymous_10)","decl":{"start":{"line":116,"column":16},"end":{"line":116,"column":17}},"loc":{"start":{"line":116,"column":28},"end":{"line":116,"column":54}},"line":116},"11":{"name":"(anonymous_11)","decl":{"start":{"line":118,"column":16},"end":{"line":118,"column":17}},"loc":{"start":{"line":118,"column":21},"end":{"line":118,"column":41}},"line":118},"12":{"name":"(anonymous_12)","decl":{"start":{"line":119,"column":16},"end":{"line":119,"column":17}},"loc":{"start":{"line":119,"column":28},"end":{"line":119,"column":54}},"line":119},"13":{"name":"(anonymous_13)","decl":{"start":{"line":142,"column":27},"end":{"line":142,"column":28}},"loc":{"start":{"line":142,"column":42},"end":{"line":155,"column":7}},"line":142},"14":{"name":"exportBudgetReportToPDF","decl":{"start":{"line":165,"column":22},"end":{"line":165,"column":45}},"loc":{"start":{"line":165,"column":87},"end":{"line":250,"column":1}},"line":165},"15":{"name":"(anonymous_15)","decl":{"start":{"line":166,"column":21},"end":{"line":166,"column":22}},"loc":{"start":{"line":166,"column":48},"end":{"line":249,"column":3}},"line":166},"16":{"name":"(anonymous_16)","decl":{"start":{"line":190,"column":21},"end":{"line":190,"column":22}},"loc":{"start":{"line":190,"column":30},"end":{"line":190,"column":48}},"line":190},"17":{"name":"(anonymous_17)","decl":{"start":{"line":191,"column":20},"end":{"line":191,"column":21}},"loc":{"start":{"line":191,"column":26},"end":{"line":191,"column":56}},"line":191},"18":{"name":"(anonymous_18)","decl":{"start":{"line":202,"column":43},"end":{"line":202,"column":44}},"loc":{"start":{"line":202,"column":55},"end":{"line":202,"column":81}},"line":202},"19":{"name":"(anonymous_19)","decl":{"start":{"line":203,"column":40},"end":{"line":203,"column":41}},"loc":{"start":{"line":203,"column":52},"end":{"line":203,"column":77}},"line":203},"20":{"name":"(anonymous_20)","decl":{"start":{"line":226,"column":22},"end":{"line":226,"column":23}},"loc":{"start":{"line":226,"column":32},"end":{"line":243,"column":7}},"line":226}},"branchMap":{"0":{"loc":{"start":{"line":13,"column":17},"end":{"line":13,"column":46}},"type":"binary-expr","locations":[{"start":{"line":13,"column":17},"end":{"line":13,"column":34}},{"start":{"line":13,"column":38},"end":{"line":13,"column":46}}],"line":13},"1":{"loc":{"start":{"line":23,"column":76},"end":{"line":23,"column":92}},"type":"default-arg","locations":[{"start":{"line":23,"column":87},"end":{"line":23,"column":92}}],"line":23},"2":{"loc":{"start":{"line":34,"column":4},"end":{"line":37,"column":5}},"type":"if","locations":[{"start":{"line":34,"column":4},"end":{"line":37,"column":5}},{"start":{},"end":{}}],"line":34},"3":{"loc":{"start":{"line":38,"column":4},"end":{"line":41,"column":5}},"type":"if","locations":[{"start":{"line":38,"column":4},"end":{"line":41,"column":5}},{"start":{},"end":{}}],"line":38},"4":{"loc":{"start":{"line":54,"column":6},"end":{"line":54,"column":25}},"type":"binary-expr","locations":[{"start":{"line":54,"column":6},"end":{"line":54,"column":19}},{"start":{"line":54,"column":23},"end":{"line":54,"column":25}}],"line":54},"5":{"loc":{"start":{"line":71,"column":76},"end":{"line":71,"column":92}},"type":"default-arg","locations":[{"start":{"line":71,"column":87},"end":{"line":71,"column":92}}],"line":71},"6":{"loc":{"start":{"line":83,"column":6},"end":{"line":86,"column":7}},"type":"if","locations":[{"start":{"line":83,"column":6},"end":{"line":86,"column":7}},{"start":{},"end":{}}],"line":83},"7":{"loc":{"start":{"line":87,"column":6},"end":{"line":90,"column":7}},"type":"if","locations":[{"start":{"line":87,"column":6},"end":{"line":90,"column":7}},{"start":{},"end":{}}],"line":87},"8":{"loc":{"start":{"line":107,"column":39},"end":{"line":107,"column":64}},"type":"binary-expr","locations":[{"start":{"line":107,"column":39},"end":{"line":107,"column":51}},{"start":{"line":107,"column":55},"end":{"line":107,"column":64}}],"line":107},"9":{"loc":{"start":{"line":108,"column":6},"end":{"line":110,"column":7}},"type":"if","locations":[{"start":{"line":108,"column":6},"end":{"line":110,"column":7}},{"start":{},"end":{}}],"line":108},"10":{"loc":{"start":{"line":108,"column":10},"end":{"line":108,"column":30}},"type":"binary-expr","locations":[{"start":{"line":108,"column":10},"end":{"line":108,"column":19}},{"start":{"line":108,"column":23},"end":{"line":108,"column":30}}],"line":108},"11":{"loc":{"start":{"line":109,"column":28},"end":{"line":109,"column":48}},"type":"binary-expr","locations":[{"start":{"line":109,"column":28},"end":{"line":109,"column":37}},{"start":{"line":109,"column":41},"end":{"line":109,"column":48}}],"line":109},"12":{"loc":{"start":{"line":109,"column":55},"end":{"line":109,"column":71}},"type":"binary-expr","locations":[{"start":{"line":109,"column":55},"end":{"line":109,"column":62}},{"start":{"line":109,"column":66},"end":{"line":109,"column":71}}],"line":109},"13":{"loc":{"start":{"line":143,"column":8},"end":{"line":146,"column":9}},"type":"if","locations":[{"start":{"line":143,"column":8},"end":{"line":146,"column":9}},{"start":{},"end":{}}],"line":143},"14":{"loc":{"start":{"line":152,"column":17},"end":{"line":152,"column":77}},"type":"cond-expr","locations":[{"start":{"line":152,"column":50},"end":{"line":152,"column":62}},{"start":{"line":152,"column":65},"end":{"line":152,"column":77}}],"line":152},"15":{"loc":{"start":{"line":153,"column":17},"end":{"line":153,"column":47}},"type":"binary-expr","locations":[{"start":{"line":153,"column":17},"end":{"line":153,"column":40}},{"start":{"line":153,"column":44},"end":{"line":153,"column":47}}],"line":153},"16":{"loc":{"start":{"line":165,"column":69},"end":{"line":165,"column":85}},"type":"default-arg","locations":[{"start":{"line":165,"column":80},"end":{"line":165,"column":85}}],"line":165},"17":{"loc":{"start":{"line":197,"column":39},"end":{"line":197,"column":64}},"type":"binary-expr","locations":[{"start":{"line":197,"column":39},"end":{"line":197,"column":51}},{"start":{"line":197,"column":55},"end":{"line":197,"column":64}}],"line":197},"18":{"loc":{"start":{"line":210,"column":25},"end":{"line":210,"column":96}},"type":"cond-expr","locations":[{"start":{"line":210,"column":45},"end":{"line":210,"column":92}},{"start":{"line":210,"column":95},"end":{"line":210,"column":96}}],"line":210},"19":{"loc":{"start":{"line":227,"column":8},"end":{"line":230,"column":9}},"type":"if","locations":[{"start":{"line":227,"column":8},"end":{"line":230,"column":9}},{"start":{},"end":{}}],"line":227},"20":{"loc":{"start":{"line":235,"column":22},"end":{"line":235,"column":65}},"type":"cond-expr","locations":[{"start":{"line":235,"column":37},"end":{"line":235,"column":61}},{"start":{"line":235,"column":64},"end":{"line":235,"column":65}}],"line":235}},"s":{"0":0,"1":0,"2":0,"3":0,"4":0,"5":0,"6":0,"7":0,"8":0,"9":0,"10":0,"11":0,"12":0,"13":0,"14":0,"15":0,"16":0,"17":0,"18":0,"19":0,"20":0,"21":0,"22":0,"23":0,"24":0,"25":0,"26":0,"27":0,"28":0,"29":0,"30":0,"31":0,"32":0,"33":0,"34":0,"35":0,"36":0,"37":0,"38":0,"39":0,"40":0,"41":0,"42":0,"43":0,"44":0,"45":0,"46":0,"47":0,"48":0,"49":0,"50":0,"51":0,"52":0,"53":0,"54":0,"55":0,"56":0,"57":0,"58":0,"59":0,"60":0,"61":0,"62":0,"63":0,"64":0,"65":0,"66":0,"67":0,"68":0,"69":0,"70":0,"71":0,"72":0,"73":0,"74":0,"75":0,"76":0,"77":0,"78":0,"79":0,"80":0,"81":0,"82":0,"83":0,"84":0,"85":0,"86":0,"87":0,"88":0,"89":0,"90":0,"91":0,"92":0,"93":0,"94":0,"95":0,"96":0,"97":0,"98":0,"99":0,"100":0,"101":0,"102":0,"103":0,"104":0,"105":0,"106":0,"107":0,"108":0,"109":0,"110":0,"111":0,"112":0,"113":0,"114":0,"115":0,"116":0,"117":0,"118":0,"119":0,"120":0,"121":0,"122":0,"123":0,"124":0,"125":0,"126":0,"127":0,"128":0,"129":0,"130":0,"131":0,"132":0,"133":0,"134":0,"135":0,"136":0,"137":0,"138":0,"139":0},"f":{"0":0,"1":0,"2":0,"3":0,"4":0,"5":0,"6":0,"7":0,"8":0,"9":0,"10":0,"11":0,"12":0,"13":0,"14":0,"15":0,"16":0,"17":0,"18":0,"19":0,"20":0},"b":{"0":[0,0],"1":[0],"2":[0,0],"3":[0,0],"4":[0,0],"5":[0],"6":[0,0],"7":[0,0],"8":[0,0],"9":[0,0],"10":[0,0],"11":[0,0],"12":[0,0],"13":[0,0],"14":[0,0],"15":[0,0],"16":[0],"17":[0,0],"18":[0,0],"19":[0,0],"20":[0,0]},"inputSourceMap":null}
,"/Users/sargiskhachatryan/repos/new_shit/server/services/notificationService.js": {"path":"/Users/sargiskhachatryan/repos/new_shit/server/services/notificationService.js","statementMap":{"0":{"start":{"line":5,"column":2},"end":{"line":14,"column":3}},"1":{"start":{"line":6,"column":19},"end":{"line":9,"column":5}},"2":{"start":{"line":10,"column":4},"end":{"line":10,"column":25}},"3":{"start":{"line":12,"column":4},"end":{"line":12,"column":57}},"4":{"start":{"line":13,"column":4},"end":{"line":13,"column":16}},"5":{"start":{"line":19,"column":2},"end":{"line":68,"column":3}},"6":{"start":{"line":20,"column":18},"end":{"line":20,"column":28}},"7":{"start":{"line":21,"column":29},"end":{"line":21,"column":44}},"8":{"start":{"line":22,"column":4},"end":{"line":22,"column":50}},"9":{"start":{"line":23,"column":32},"end":{"line":23,"column":76}},"10":{"start":{"line":24,"column":21},"end":{"line":24,"column":54}},"11":{"start":{"line":27,"column":25},"end":{"line":38,"column":49}},"12":{"start":{"line":40,"column":20},"end":{"line":40,"column":22}},"13":{"start":{"line":41,"column":4},"end":{"line":62,"column":5}},"14":{"start":{"line":43,"column":23},"end":{"line":46,"column":7}},"15":{"start":{"line":48,"column":6},"end":{"line":61,"column":7}},"16":{"start":{"line":49,"column":26},"end":{"line":49,"column":106}},"17":{"start":{"line":50,"column":22},"end":{"line":50,"column":130}},"18":{"start":{"line":51,"column":24},"end":{"line":51,"column":169}},"19":{"start":{"line":53,"column":8},"end":{"line":59,"column":10}},"20":{"start":{"line":60,"column":8},"end":{"line":60,"column":35}},"21":{"start":{"line":64,"column":4},"end":{"line":64,"column":19}},"22":{"start":{"line":66,"column":4},"end":{"line":66,"column":59}},"23":{"start":{"line":67,"column":4},"end":{"line":67,"column":16}},"24":{"start":{"line":73,"column":2},"end":{"line":144,"column":3}},"25":{"start":{"line":74,"column":22},"end":{"line":74,"column":68}},"26":{"start":{"line":75,"column":20},"end":{"line":75,"column":66}},"27":{"start":{"line":78,"column":25},"end":{"line":98,"column":61}},"28":{"start":{"line":100,"column":20},"end":{"line":100,"column":22}},"29":{"start":{"line":101,"column":4},"end":{"line":138,"column":5}},"30":{"start":{"line":102,"column":25},"end":{"line":102,"column":61}},"31":{"start":{"line":105,"column":6},"end":{"line":137,"column":7}},"32":{"start":{"line":106,"column":25},"end":{"line":109,"column":9}},"33":{"start":{"line":111,"column":8},"end":{"line":120,"column":9}},"34":{"start":{"line":112,"column":10},"end":{"line":118,"column":12}},"35":{"start":{"line":119,"column":10},"end":{"line":119,"column":33}},"36":{"start":{"line":121,"column":13},"end":{"line":137,"column":7}},"37":{"start":{"line":122,"column":25},"end":{"line":125,"column":9}},"38":{"start":{"line":127,"column":8},"end":{"line":136,"column":9}},"39":{"start":{"line":128,"column":10},"end":{"line":134,"column":12}},"40":{"start":{"line":135,"column":10},"end":{"line":135,"column":33}},"41":{"start":{"line":140,"column":4},"end":{"line":140,"column":19}},"42":{"start":{"line":142,"column":4},"end":{"line":142,"column":58}},"43":{"start":{"line":143,"column":4},"end":{"line":143,"column":16}}},"fnMap":{"0":{"name":"createNotification","decl":{"start":{"line":4,"column":22},"end":{"line":4,"column":40}},"loc":{"start":{"line":4,"column":81},"end":{"line":15,"column":1}},"line":4},"1":{"name":"createBillReminders","decl":{"start":{"line":18,"column":22},"end":{"line":18,"column":41}},"loc":{"start":{"line":18,"column":52},"end":{"line":69,"column":1}},"line":18},"2":{"name":"createBudgetAlerts","decl":{"start":{"line":72,"column":22},"end":{"line":72,"column":40}},"loc":{"start":{"line":72,"column":64},"end":{"line":145,"column":1}},"line":72}},"branchMap":{"0":{"loc":{"start":{"line":45,"column":40},"end":{"line":45,"column":88}},"type":"binary-expr","locations":[{"start":{"line":45,"column":40},"end":{"line":45,"column":61}},{"start":{"line":45,"column":65},"end":{"line":45,"column":88}}],"line":45},"1":{"loc":{"start":{"line":48,"column":6},"end":{"line":61,"column":7}},"type":"if","locations":[{"start":{"line":48,"column":6},"end":{"line":61,"column":7}},{"start":{},"end":{}}],"line":48},"2":{"loc":{"start":{"line":50,"column":22},"end":{"line":50,"column":130}},"type":"cond-expr","locations":[{"start":{"line":50,"column":40},"end":{"line":50,"column":56}},{"start":{"line":50,"column":59},"end":{"line":50,"column":130}}],"line":50},"3":{"loc":{"start":{"line":50,"column":59},"end":{"line":50,"column":130}},"type":"cond-expr","locations":[{"start":{"line":50,"column":77},"end":{"line":50,"column":96}},{"start":{"line":50,"column":99},"end":{"line":50,"column":130}}],"line":50},"4":{"loc":{"start":{"line":51,"column":27},"end":{"line":51,"column":75}},"type":"binary-expr","locations":[{"start":{"line":51,"column":27},"end":{"line":51,"column":48}},{"start":{"line":51,"column":52},"end":{"line":51,"column":75}}],"line":51},"5":{"loc":{"start":{"line":105,"column":6},"end":{"line":137,"column":7}},"type":"if","locations":[{"start":{"line":105,"column":6},"end":{"line":137,"column":7}},{"start":{"line":121,"column":13},"end":{"line":137,"column":7}}],"line":105},"6":{"loc":{"start":{"line":111,"column":8},"end":{"line":120,"column":9}},"type":"if","locations":[{"start":{"line":111,"column":8},"end":{"line":120,"column":9}},{"start":{},"end":{}}],"line":111},"7":{"loc":{"start":{"line":121,"column":13},"end":{"line":137,"column":7}},"type":"if","locations":[{"start":{"line":121,"column":13},"end":{"line":137,"column":7}},{"start":{},"end":{}}],"line":121},"8":{"loc":{"start":{"line":127,"column":8},"end":{"line":136,"column":9}},"type":"if","locations":[{"start":{"line":127,"column":8},"end":{"line":136,"column":9}},{"start":{},"end":{}}],"line":127}},"s":{"0":2,"1":2,"2":2,"3":0,"4":0,"5":1,"6":1,"7":1,"8":1,"9":1,"10":1,"11":1,"12":1,"13":1,"14":0,"15":0,"16":0,"17":0,"18":0,"19":0,"20":0,"21":1,"22":0,"23":0,"24":4,"25":4,"26":4,"27":4,"28":4,"29":4,"30":9,"31":9,"32":5,"33":5,"34":2,"35":2,"36":4,"37":0,"38":0,"39":0,"40":0,"41":4,"42":0,"43":0},"f":{"0":2,"1":1,"2":4},"b":{"0":[0,0],"1":[0,0],"2":[0,0],"3":[0,0],"4":[0,0],"5":[5,4],"6":[2,3],"7":[0,4],"8":[0,0]},"inputSourceMap":null,"_coverageSchema":"1a1c01bbd47fc00a2c39e90264f33305004495a9","hash":"0f62d1e2d255825e17d7de3b342db458198e75fb"}
}
