TN:
SF:middleware/auth.js
FN:5,authenticateToken
FN:13,(anonymous_1)
FNF:2
FNH:2
FNDA:203,authenticateToken
FNDA:197,(anonymous_1)
DA:3,11
DA:6,203
DA:7,203
DA:9,203
DA:10,6
DA:13,197
DA:14,197
DA:15,0
DA:17,197
DA:18,197
LF:10
LH:9
BRDA:3,0,0,11
BRDA:3,0,1,11
BRDA:7,1,0,203
BRDA:7,1,1,197
BRDA:9,2,0,6
BRDA:9,2,1,197
BRDA:14,3,0,0
BRDA:14,3,1,197
BRF:8
BRH:7
end_of_record
TN:
SF:routes/auth.js
FN:15,(anonymous_0)
FN:58,(anonymous_1)
FN:93,(anonymous_2)
FNF:3
FNH:3
FNDA:36,(anonymous_0)
FNDA:7,(anonymous_1)
FNDA:6,(anonymous_2)
DA:8,11
DA:11,11
DA:16,36
DA:17,36
DA:18,36
DA:19,3
DA:22,33
DA:25,33
DA:26,33
DA:27,9
DA:31,24
DA:34,24
DA:39,24
DA:42,24
DA:44,24
DA:49,0
DA:50,0
DA:55,11
DA:59,7
DA:60,7
DA:61,7
DA:62,1
DA:65,6
DA:68,6
DA:69,6
DA:70,1
DA:74,5
DA:75,5
DA:76,1
DA:80,4
DA:82,4
DA:87,0
DA:88,0
DA:93,11
DA:94,6
DA:95,6
DA:96,6
DA:98,6
DA:99,1
DA:102,5
DA:103,4
DA:105,4
DA:106,0
DA:109,4
DA:111,1
DA:112,1
LF:46
LH:41
BRDA:18,0,0,3
BRDA:18,0,1,33
BRDA:26,1,0,9
BRDA:26,1,1,24
BRDA:61,2,0,1
BRDA:61,2,1,6
BRDA:69,3,0,1
BRDA:69,3,1,5
BRDA:75,4,0,1
BRDA:75,4,1,4
BRDA:96,5,0,6
BRDA:96,5,1,5
BRDA:98,6,0,1
BRDA:98,6,1,5
BRDA:105,7,0,0
BRDA:105,7,1,4
BRF:16
BRH:15
end_of_record
TN:
SF:routes/budget.js
FN:9,(anonymous_0)
FN:43,(anonymous_1)
FN:100,(anonymous_2)
FN:151,(anonymous_3)
FNF:4
FNH:4
FNDA:6,(anonymous_0)
FNDA:22,(anonymous_1)
FNDA:2,(anonymous_2)
FNDA:1,(anonymous_3)
DA:5,4
DA:6,4
DA:9,4
DA:10,6
DA:11,6
DA:12,6
DA:13,6
DA:16,6
DA:21,6
DA:22,0
DA:25,6
DA:26,6
DA:28,6
DA:35,6
DA:37,0
DA:38,0
DA:43,4
DA:44,22
DA:45,22
DA:46,22
DA:48,22
DA:49,1
DA:53,21
DA:54,1
DA:58,20
DA:59,1
DA:63,19
DA:68,19
DA:69,0
DA:73,19
DA:78,19
DA:79,8
DA:83,8
DA:84,8
DA:86,11
DA:90,11
DA:91,11
DA:94,0
DA:95,0
DA:100,4
DA:101,2
DA:102,2
DA:103,2
DA:104,2
DA:106,2
DA:107,2
DA:108,1
DA:112,1
DA:117,1
DA:118,0
DA:122,1
DA:123,1
DA:124,0
DA:126,1
DA:130,1
DA:131,0
DA:132,0
DA:134,0
DA:138,1
DA:139,0
DA:142,1
DA:143,1
DA:145,0
DA:146,0
DA:151,4
DA:152,1
DA:153,1
DA:154,1
DA:156,1
DA:157,1
DA:158,0
DA:161,1
DA:166,1
DA:167,0
DA:170,1
DA:171,1
DA:173,0
DA:174,0
LF:78
LH:60
BRDA:21,0,0,0
BRDA:21,0,1,6
BRDA:25,1,0,6
BRDA:25,1,1,0
BRDA:26,2,0,6
BRDA:26,2,1,0
BRDA:48,3,0,1
BRDA:48,3,1,21
BRDA:48,4,0,22
BRDA:48,4,1,22
BRDA:48,4,2,22
BRDA:48,4,3,21
BRDA:48,4,4,21
BRDA:53,5,0,1
BRDA:53,5,1,20
BRDA:53,6,0,21
BRDA:53,6,1,21
BRDA:58,7,0,1
BRDA:58,7,1,19
BRDA:68,8,0,0
BRDA:68,8,1,19
BRDA:78,9,0,8
BRDA:78,9,1,11
BRDA:107,10,0,1
BRDA:107,10,1,1
BRDA:117,11,0,0
BRDA:117,11,1,1
BRDA:122,12,0,1
BRDA:122,12,1,0
BRDA:123,13,0,0
BRDA:123,13,1,1
BRDA:130,14,0,0
BRDA:130,14,1,1
BRDA:131,15,0,0
BRDA:131,15,1,0
BRDA:131,16,0,0
BRDA:131,16,1,0
BRDA:138,17,0,0
BRDA:138,17,1,1
BRDA:157,18,0,0
BRDA:157,18,1,1
BRDA:166,19,0,0
BRDA:166,19,1,1
BRF:43
BRH:28
end_of_record
TN:
SF:routes/category.js
FN:9,(anonymous_0)
FN:37,(anonymous_1)
FN:70,(anonymous_2)
FN:105,(anonymous_3)
FNF:4
FNH:4
FNDA:3,(anonymous_0)
FNDA:30,(anonymous_1)
FNDA:5,(anonymous_2)
FNDA:2,(anonymous_3)
DA:5,7
DA:6,7
DA:9,7
DA:10,3
DA:11,3
DA:12,3
DA:15,3
DA:20,3
DA:21,1
DA:24,2
DA:29,2
DA:31,0
DA:32,0
DA:37,7
DA:38,30
DA:39,30
DA:40,30
DA:42,30
DA:43,1
DA:47,29
DA:52,29
DA:53,2
DA:56,27
DA:61,27
DA:62,27
DA:64,0
DA:65,0
DA:70,7
DA:71,5
DA:72,5
DA:73,5
DA:74,5
DA:77,5
DA:78,5
DA:79,1
DA:82,4
DA:87,4
DA:88,1
DA:91,3
DA:96,3
DA:97,3
DA:99,0
DA:100,0
DA:105,7
DA:106,2
DA:107,2
DA:108,2
DA:110,2
DA:111,2
DA:112,1
DA:115,1
DA:120,1
DA:121,0
DA:124,1
DA:125,1
DA:127,0
DA:128,0
LF:57
LH:48
BRDA:20,0,0,1
BRDA:20,0,1,2
BRDA:42,1,0,1
BRDA:42,1,1,29
BRDA:42,2,0,30
BRDA:42,2,1,30
BRDA:42,2,2,29
BRDA:52,3,0,2
BRDA:52,3,1,27
BRDA:58,4,0,27
BRDA:58,4,1,4
BRDA:58,5,0,27
BRDA:58,5,1,4
BRDA:78,6,0,1
BRDA:78,6,1,4
BRDA:87,7,0,1
BRDA:87,7,1,3
BRDA:93,8,0,3
BRDA:93,8,1,2
BRDA:93,9,0,3
BRDA:93,9,1,2
BRDA:93,10,0,3
BRDA:93,10,1,2
BRDA:111,11,0,1
BRDA:111,11,1,1
BRDA:120,12,0,0
BRDA:120,12,1,1
BRDA:120,13,0,1
BRDA:120,13,1,1
BRF:29
BRH:28
end_of_record
TN:
SF:routes/currency.js
FN:10,(anonymous_0)
FN:22,(anonymous_1)
FN:50,(anonymous_2)
FNF:3
FNH:3
FNDA:3,(anonymous_0)
FNDA:6,(anonymous_1)
FNDA:3,(anonymous_2)
DA:6,1
DA:7,1
DA:10,1
DA:11,3
DA:12,3
DA:13,3
DA:14,3
DA:16,0
DA:17,0
DA:22,1
DA:23,6
DA:24,6
DA:26,6
DA:27,1
DA:30,5
DA:31,5
DA:33,5
DA:44,0
DA:45,0
DA:50,1
DA:51,3
DA:52,3
DA:53,3
DA:56,3
DA:61,3
DA:62,2
DA:65,1
DA:66,1
DA:67,0
DA:70,1
DA:71,1
DA:73,1
DA:79,0
DA:80,0
LF:34
LH:27
BRDA:12,0,0,1
BRDA:26,1,0,1
BRDA:26,1,1,5
BRDA:26,2,0,6
BRDA:26,2,1,6
BRDA:26,2,2,5
BRDA:61,3,0,2
BRDA:61,3,1,1
BRDA:66,4,0,0
BRDA:66,4,1,1
BRDA:70,5,0,1
BRDA:70,5,1,0
BRF:12
BRH:10
end_of_record
TN:
SF:routes/dashboard.js
FN:10,(anonymous_0)
FN:107,(anonymous_1)
FNF:2
FNH:1
FNDA:4,(anonymous_0)
FNDA:0,(anonymous_1)
DA:6,2
DA:7,2
DA:10,2
DA:11,4
DA:12,4
DA:13,4
DA:14,4
DA:17,4
DA:22,4
DA:23,0
DA:26,4
DA:27,4
DA:30,4
DA:31,4
DA:33,4
DA:39,4
DA:46,4
DA:56,4
DA:81,4
DA:92,4
DA:101,4
DA:102,4
DA:103,4
DA:104,4
DA:107,4
DA:108,0
DA:111,4
DA:127,0
DA:128,0
LF:29
LH:25
BRDA:22,0,0,0
BRDA:22,0,1,4
BRDA:26,1,0,4
BRDA:26,1,1,0
BRDA:27,2,0,4
BRDA:27,2,1,0
BRDA:101,3,0,4
BRDA:101,3,1,3
BRDA:102,4,0,4
BRDA:102,4,1,0
BRDA:103,5,0,4
BRDA:103,5,1,0
BRDA:104,6,0,4
BRDA:104,6,1,4
BRDA:118,7,0,4
BRDA:118,7,1,0
BRF:16
BRH:10
end_of_record
TN:
SF:routes/export.js
FN:14,(anonymous_0)
FN:48,(anonymous_1)
FN:82,(anonymous_2)
FNF:3
FNH:3
FNDA:4,(anonymous_0)
FNDA:3,(anonymous_1)
FNDA:3,(anonymous_2)
DA:10,1
DA:11,1
DA:14,1
DA:15,4
DA:16,4
DA:17,4
DA:19,4
DA:20,1
DA:24,3
DA:29,3
DA:30,1
DA:33,2
DA:34,2
DA:36,2
DA:38,2
DA:39,2
DA:40,2
DA:42,0
DA:43,0
DA:48,1
DA:49,3
DA:50,3
DA:51,3
DA:53,3
DA:54,1
DA:58,2
DA:63,2
DA:64,0
DA:67,2
DA:68,2
DA:70,2
DA:72,2
DA:73,2
DA:74,2
DA:76,0
DA:77,0
DA:82,1
DA:83,3
DA:84,3
DA:85,3
DA:87,3
DA:88,1
DA:92,2
DA:97,2
DA:98,1
DA:101,1
DA:102,1
DA:104,1
DA:106,1
DA:107,1
DA:108,1
DA:110,0
DA:111,0
LF:53
LH:46
BRDA:19,0,0,1
BRDA:19,0,1,3
BRDA:29,1,0,1
BRDA:29,1,1,2
BRDA:34,2,0,2
BRDA:34,2,1,0
BRDA:53,3,0,1
BRDA:53,3,1,2
BRDA:63,4,0,0
BRDA:63,4,1,2
BRDA:68,5,0,2
BRDA:68,5,1,0
BRDA:87,6,0,1
BRDA:87,6,1,2
BRDA:87,7,0,3
BRDA:87,7,1,3
BRDA:87,7,2,2
BRDA:97,8,0,1
BRDA:97,8,1,1
BRDA:102,9,0,1
BRDA:102,9,1,0
BRF:21
BRH:17
end_of_record
TN:
SF:routes/family.js
FN:9,(anonymous_0)
FN:39,(anonymous_1)
FN:57,(anonymous_2)
FN:88,(anonymous_3)
FN:120,(anonymous_4)
FNF:5
FNH:4
FNDA:10,(anonymous_0)
FNDA:0,(anonymous_1)
FNDA:1,(anonymous_2)
FNDA:1,(anonymous_3)
FNDA:1,(anonymous_4)
DA:5,10
DA:6,10
DA:9,10
DA:10,10
DA:11,10
DA:12,10
DA:14,10
DA:15,0
DA:18,10
DA:19,10
DA:21,10
DA:22,10
DA:25,10
DA:30,10
DA:31,10
DA:33,0
DA:34,0
DA:39,10
DA:40,0
DA:41,0
DA:42,0
DA:49,0
DA:51,0
DA:52,0
DA:57,10
DA:58,1
DA:59,1
DA:60,1
DA:63,1
DA:68,1
DA:69,0
DA:72,1
DA:73,1
DA:80,1
DA:82,0
DA:83,0
DA:88,10
DA:89,1
DA:90,1
DA:91,1
DA:92,1
DA:94,1
DA:95,1
DA:96,0
DA:100,1
DA:105,1
DA:106,0
DA:109,1
DA:110,1
DA:112,1
DA:114,0
DA:115,0
DA:120,10
DA:121,1
DA:122,1
DA:123,1
DA:124,1
DA:127,1
DA:132,1
DA:133,0
DA:137,1
DA:138,1
DA:139,0
DA:143,1
DA:148,1
DA:149,0
DA:152,1
DA:157,1
DA:159,0
DA:160,0
LF:70
LH:49
BRDA:11,0,0,7
BRDA:14,1,0,0
BRDA:14,1,1,10
BRDA:19,2,0,10
BRDA:19,2,1,0
BRDA:68,3,0,0
BRDA:68,3,1,1
BRDA:95,4,0,0
BRDA:95,4,1,1
BRDA:105,5,0,0
BRDA:105,5,1,1
BRDA:105,6,0,1
BRDA:105,6,1,1
BRDA:124,7,0,1
BRDA:132,8,0,0
BRDA:132,8,1,1
BRDA:132,9,0,1
BRDA:132,9,1,1
BRDA:138,10,0,0
BRDA:138,10,1,1
BRDA:148,11,0,0
BRDA:148,11,1,1
BRF:22
BRH:14
end_of_record
TN:
SF:routes/goal.js
FN:9,(anonymous_0)
FN:40,(anonymous_1)
FN:95,(anonymous_2)
FN:150,(anonymous_3)
FNF:4
FNH:4
FNDA:3,(anonymous_0)
FNDA:10,(anonymous_1)
FNDA:4,(anonymous_2)
FNDA:1,(anonymous_3)
DA:5,2
DA:6,2
DA:9,2
DA:10,3
DA:11,3
DA:12,3
DA:15,3
DA:20,3
DA:21,0
DA:24,3
DA:32,3
DA:34,0
DA:35,0
DA:40,2
DA:41,10
DA:42,10
DA:43,10
DA:45,10
DA:46,1
DA:50,9
DA:51,9
DA:52,1
DA:56,8
DA:57,8
DA:58,8
DA:59,8
DA:60,8
DA:61,1
DA:66,7
DA:71,7
DA:72,0
DA:75,7
DA:80,7
DA:87,7
DA:89,0
DA:90,0
DA:95,2
DA:96,4
DA:97,4
DA:98,4
DA:99,4
DA:101,4
DA:102,4
DA:103,0
DA:107,4
DA:108,4
DA:109,4
DA:110,1
DA:114,3
DA:119,3
DA:120,0
DA:123,3
DA:135,3
DA:142,3
DA:144,0
DA:145,0
DA:150,2
DA:151,1
DA:152,1
DA:153,1
DA:155,1
DA:156,1
DA:157,0
DA:161,1
DA:166,1
DA:167,0
DA:170,1
DA:171,1
DA:173,0
DA:174,0
LF:70
LH:56
BRDA:20,0,0,0
BRDA:20,0,1,3
BRDA:45,1,0,1
BRDA:45,1,1,9
BRDA:45,2,0,10
BRDA:45,2,1,10
BRDA:45,2,2,9
BRDA:50,3,0,9
BRDA:50,3,1,4
BRDA:51,4,0,1
BRDA:51,4,1,8
BRDA:56,5,0,8
BRDA:56,5,1,0
BRDA:60,6,0,1
BRDA:60,6,1,7
BRDA:71,7,0,0
BRDA:71,7,1,7
BRDA:77,8,0,7
BRDA:77,8,1,7
BRDA:77,9,0,7
BRDA:77,9,1,3
BRDA:77,10,0,7
BRDA:77,10,1,0
BRDA:77,11,0,7
BRDA:77,11,1,5
BRDA:102,12,0,0
BRDA:102,12,1,4
BRDA:107,13,0,3
BRDA:107,13,1,1
BRDA:108,14,0,1
BRDA:108,14,1,3
BRDA:109,15,0,1
BRDA:109,15,1,3
BRDA:119,16,0,0
BRDA:119,16,1,3
BRDA:126,17,0,3
BRDA:126,17,1,3
BRDA:127,18,0,3
BRDA:127,18,1,2
BRDA:128,19,0,2
BRDA:128,19,1,1
BRDA:129,20,0,0
BRDA:129,20,1,3
BRDA:130,21,0,0
BRDA:130,21,1,3
BRDA:156,22,0,0
BRDA:156,22,1,1
BRDA:166,23,0,0
BRDA:166,23,1,1
BRF:49
BRH:39
end_of_record
TN:
SF:routes/notification.js
FN:9,(anonymous_0)
FN:56,(anonymous_1)
FN:86,(anonymous_2)
FN:113,(anonymous_3)
FNF:4
FNH:4
FNDA:5,(anonymous_0)
FNDA:5,(anonymous_1)
FNDA:2,(anonymous_2)
FNDA:3,(anonymous_3)
DA:5,1
DA:6,1
DA:9,1
DA:10,5
DA:11,5
DA:12,5
DA:13,5
DA:16,5
DA:21,5
DA:22,1
DA:25,4
DA:29,4
DA:31,4
DA:32,1
DA:35,4
DA:37,4
DA:40,4
DA:45,4
DA:50,0
DA:51,0
DA:56,1
DA:57,5
DA:58,5
DA:59,5
DA:60,5
DA:62,5
DA:63,5
DA:64,1
DA:68,4
DA:73,4
DA:74,1
DA:77,3
DA:78,3
DA:80,0
DA:81,0
DA:86,1
DA:87,2
DA:88,2
DA:89,2
DA:92,2
DA:97,2
DA:98,1
DA:101,1
DA:105,1
DA:107,0
DA:108,0
DA:113,1
DA:114,3
DA:115,3
DA:116,3
DA:118,3
DA:119,3
DA:120,1
DA:123,2
DA:128,2
DA:129,1
DA:132,1
DA:133,1
DA:135,0
DA:136,0
LF:60
LH:52
BRDA:21,0,0,1
BRDA:21,0,1,4
BRDA:31,1,0,1
BRDA:31,1,1,3
BRDA:47,2,0,4
BRDA:47,2,1,1
BRDA:63,3,0,1
BRDA:63,3,1,4
BRDA:73,4,0,1
BRDA:73,4,1,3
BRDA:77,5,0,2
BRDA:77,5,1,1
BRDA:97,6,0,1
BRDA:97,6,1,1
BRDA:119,7,0,1
BRDA:119,7,1,2
BRDA:128,8,0,1
BRDA:128,8,1,1
BRF:18
BRH:18
end_of_record
TN:
SF:routes/recurring.js
FN:10,calculateNextOccurrence
FN:35,(anonymous_1)
FN:67,(anonymous_2)
FN:143,(anonymous_3)
FN:224,(anonymous_4)
FN:253,(anonymous_5)
FNF:6
FNH:5
FNDA:9,calculateNextOccurrence
FNDA:3,(anonymous_1)
FNDA:7,(anonymous_2)
FNDA:2,(anonymous_3)
FNDA:0,(anonymous_4)
FNDA:1,(anonymous_5)
DA:6,2
DA:7,2
DA:11,9
DA:13,9
DA:15,0
DA:16,0
DA:18,1
DA:19,1
DA:21,8
DA:22,8
DA:23,8
DA:25,8
DA:27,0
DA:28,0
DA:31,9
DA:35,2
DA:36,3
DA:37,3
DA:38,3
DA:41,3
DA:46,3
DA:47,0
DA:50,3
DA:59,3
DA:61,0
DA:62,0
DA:67,2
DA:68,7
DA:80,7
DA:81,7
DA:83,7
DA:84,0
DA:88,7
DA:93,7
DA:94,0
DA:98,7
DA:99,7
DA:100,0
DA:104,7
DA:106,7
DA:127,7
DA:135,7
DA:137,0
DA:138,0
DA:143,2
DA:144,2
DA:145,2
DA:156,2
DA:157,2
DA:159,2
DA:160,2
DA:161,0
DA:165,2
DA:170,2
DA:171,0
DA:175,2
DA:176,2
DA:177,2
DA:178,2
DA:180,2
DA:187,2
DA:208,2
DA:216,2
DA:218,0
DA:219,0
DA:224,2
DA:225,0
DA:226,0
DA:227,0
DA:229,0
DA:230,0
DA:231,0
DA:235,0
DA:240,0
DA:241,0
DA:244,0
DA:245,0
DA:247,0
DA:248,0
DA:253,2
DA:254,1
DA:255,1
DA:256,1
DA:257,1
DA:260,1
DA:265,1
DA:266,0
DA:270,1
DA:278,1
DA:279,1
DA:281,0
DA:295,0
DA:303,0
DA:308,0
DA:312,1
DA:313,1
DA:315,0
DA:319,1
DA:324,0
DA:325,0
LF:100
LH:63
BRDA:13,0,0,0
BRDA:13,0,1,1
BRDA:13,0,2,8
BRDA:13,0,3,0
BRDA:22,1,0,8
BRDA:22,1,1,0
BRDA:46,2,0,0
BRDA:46,2,1,3
BRDA:83,3,0,0
BRDA:83,3,1,7
BRDA:83,4,0,7
BRDA:83,4,1,7
BRDA:83,4,2,7
BRDA:83,4,3,7
BRDA:83,4,4,7
BRDA:83,4,5,7
BRDA:93,5,0,0
BRDA:93,5,1,7
BRDA:99,6,0,0
BRDA:99,6,1,7
BRDA:99,7,0,7
BRDA:99,7,1,7
BRDA:117,8,0,7
BRDA:117,8,1,0
BRDA:120,9,0,7
BRDA:120,9,1,7
BRDA:122,10,0,7
BRDA:122,10,1,1
BRDA:123,11,0,7
BRDA:123,11,1,6
BRDA:160,12,0,0
BRDA:160,12,1,2
BRDA:170,13,0,0
BRDA:170,13,1,2
BRDA:175,14,0,2
BRDA:175,14,1,2
BRDA:176,15,0,2
BRDA:176,15,1,2
BRDA:177,16,0,0
BRDA:177,16,1,2
BRDA:178,17,0,0
BRDA:178,17,1,2
BRDA:194,18,0,2
BRDA:194,18,1,2
BRDA:195,19,0,2
BRDA:195,19,1,2
BRDA:196,20,0,0
BRDA:196,20,1,2
BRDA:199,21,0,0
BRDA:199,21,1,2
BRDA:203,22,0,2
BRDA:203,22,1,0
BRDA:230,23,0,0
BRDA:230,23,1,0
BRDA:240,24,0,0
BRDA:240,24,1,0
BRDA:265,25,0,0
BRDA:265,25,1,1
BRDA:289,26,0,0
BRDA:289,26,1,0
BRF:60
BRH:38
end_of_record
TN:
SF:routes/transaction.js
FN:9,(anonymous_0)
FN:62,(anonymous_1)
FN:108,(anonymous_2)
FN:156,(anonymous_3)
FNF:4
FNH:4
FNDA:8,(anonymous_0)
FNDA:28,(anonymous_1)
FNDA:3,(anonymous_2)
FNDA:2,(anonymous_3)
DA:5,5
DA:6,5
DA:9,5
DA:10,8
DA:11,8
DA:12,8
DA:13,8
DA:16,8
DA:21,8
DA:22,1
DA:25,7
DA:32,7
DA:34,7
DA:35,1
DA:36,1
DA:38,7
DA:39,1
DA:40,1
DA:42,7
DA:43,0
DA:44,0
DA:46,7
DA:47,1
DA:48,1
DA:51,7
DA:53,7
DA:54,7
DA:56,0
DA:57,0
DA:62,5
DA:63,28
DA:64,28
DA:65,28
DA:67,28
DA:68,1
DA:72,27
DA:77,27
DA:78,0
DA:82,27
DA:83,27
DA:84,1
DA:87,26
DA:92,26
DA:100,26
DA:102,0
DA:103,0
DA:108,5
DA:109,3
DA:110,3
DA:111,3
DA:112,3
DA:114,3
DA:115,3
DA:116,1
DA:120,2
DA:125,2
DA:126,0
DA:129,2
DA:140,2
DA:148,2
DA:150,0
DA:151,0
DA:156,5
DA:157,2
DA:158,2
DA:159,2
DA:161,2
DA:162,2
DA:163,1
DA:167,1
DA:172,1
DA:173,0
DA:176,1
DA:177,1
DA:179,0
DA:180,0
LF:76
LH:63
BRDA:21,0,0,1
BRDA:21,0,1,7
BRDA:34,1,0,1
BRDA:34,1,1,6
BRDA:38,2,0,1
BRDA:38,2,1,6
BRDA:42,3,0,0
BRDA:42,3,1,7
BRDA:46,4,0,1
BRDA:46,4,1,6
BRDA:67,5,0,1
BRDA:67,5,1,27
BRDA:67,6,0,28
BRDA:67,6,1,28
BRDA:67,6,2,28
BRDA:67,6,3,27
BRDA:67,6,4,27
BRDA:77,7,0,0
BRDA:77,7,1,27
BRDA:83,8,0,1
BRDA:83,8,1,26
BRDA:83,9,0,27
BRDA:83,9,1,27
BRDA:89,10,0,26
BRDA:89,10,1,2
BRDA:115,11,0,1
BRDA:115,11,1,2
BRDA:125,12,0,0
BRDA:125,12,1,2
BRDA:132,13,0,2
BRDA:132,13,1,2
BRDA:133,14,0,2
BRDA:133,14,1,1
BRDA:134,15,0,1
BRDA:134,15,1,1
BRDA:135,16,0,2
BRDA:135,16,1,2
BRDA:162,17,0,1
BRDA:162,17,1,1
BRDA:172,18,0,0
BRDA:172,18,1,1
BRF:41
BRH:37
end_of_record
TN:
SF:services/exchangeRate.js
FN:14,getExchangeRates
FN:47,convertCurrency
FN:82,getFallbackRates
FN:95,getFallbackRate
FN:107,formatCurrency
FN:126,getCurrencySymbol
FNF:6
FNH:5
FNDA:14,getExchangeRates
FNDA:11,convertCurrency
FNDA:6,getFallbackRates
FNDA:0,getFallbackRate
FNDA:16,formatCurrency
FNDA:6,getCurrencySymbol
DA:5,2
DA:8,2
DA:15,14
DA:17,14
DA:18,14
DA:24,0
DA:28,14
DA:29,12
DA:32,12
DA:38,12
DA:40,2
DA:43,2
DA:48,11
DA:49,2
DA:53,9
DA:54,4
DA:58,9
DA:66,9
DA:67,9
DA:68,0
DA:70,9
DA:72,0
DA:73,0
DA:75,0
DA:79,9
DA:85,6
DA:92,6
DA:96,0
DA:103,0
DA:104,0
DA:108,16
DA:115,16
DA:118,16
DA:123,16
DA:127,6
DA:133,6
LF:36
LH:28
BRDA:14,0,0,0
BRDA:18,1,0,0
BRDA:18,1,1,14
BRDA:19,2,0,14
BRDA:19,2,1,12
BRDA:19,2,2,12
BRDA:19,2,3,0
BRDA:47,3,0,5
BRDA:48,4,0,2
BRDA:48,4,1,9
BRDA:53,5,0,4
BRDA:53,5,1,5
BRDA:67,6,0,0
BRDA:67,6,1,9
BRDA:67,7,0,9
BRDA:67,7,1,0
BRDA:70,8,0,0
BRDA:70,8,1,9
BRDA:72,9,0,0
BRDA:72,9,1,0
BRDA:72,10,0,0
BRDA:72,10,1,0
BRDA:92,11,0,6
BRDA:92,11,1,2
BRDA:103,12,0,0
BRDA:103,12,1,0
BRDA:104,13,0,0
BRDA:104,13,1,0
BRDA:115,14,0,16
BRDA:115,14,1,1
BRDA:133,15,0,6
BRDA:133,15,1,1
BRF:32
BRH:18
end_of_record
TN:
SF:services/exportService.js
FN:5,formatCurrency
FN:23,exportTransactionsToCSV
FN:49,(anonymous_2)
FN:60,(anonymous_3)
FN:60,(anonymous_4)
FN:71,exportTransactionsToPDF
FN:72,(anonymous_6)
FN:100,(anonymous_7)
FN:101,(anonymous_8)
FN:115,(anonymous_9)
FN:116,(anonymous_10)
FN:118,(anonymous_11)
FN:119,(anonymous_12)
FN:142,(anonymous_13)
FN:165,exportBudgetReportToPDF
FN:166,(anonymous_15)
FN:190,(anonymous_16)
FN:191,(anonymous_17)
FN:202,(anonymous_18)
FN:203,(anonymous_19)
FN:226,(anonymous_20)
FNF:21
FNH:20
FNDA:49,formatCurrency
FNDA:5,exportTransactionsToCSV
FNDA:8,(anonymous_2)
FNDA:8,(anonymous_3)
FNDA:48,(anonymous_4)
FNDA:5,exportTransactionsToPDF
FNDA:5,(anonymous_6)
FNDA:305,(anonymous_7)
FNDA:5,(anonymous_8)
FNDA:10,(anonymous_9)
FNDA:0,(anonymous_10)
FNDA:10,(anonymous_11)
FNDA:10,(anonymous_12)
FNDA:10,(anonymous_13)
FNDA:4,exportBudgetReportToPDF
FNDA:4,(anonymous_15)
FNDA:244,(anonymous_16)
FNDA:4,(anonymous_17)
FNDA:4,(anonymous_18)
FNDA:4,(anonymous_19)
FNDA:4,(anonymous_20)
DA:6,49
DA:13,49
DA:14,49
DA:19,49
DA:24,5
DA:25,5
DA:32,5
DA:34,5
DA:35,2
DA:36,2
DA:38,5
DA:39,2
DA:40,2
DA:43,5
DA:45,5
DA:48,5
DA:49,8
DA:58,5
DA:60,48
DA:63,5
DA:65,0
DA:66,0
DA:72,5
DA:73,5
DA:74,5
DA:81,5
DA:83,5
DA:84,2
DA:85,2
DA:87,5
DA:88,2
DA:89,2
DA:92,5
DA:94,5
DA:95,5
DA:97,5
DA:98,5
DA:100,305
DA:101,5
DA:102,5
DA:105,5
DA:106,5
DA:107,5
DA:108,5
DA:109,2
DA:111,5
DA:114,5
DA:115,10
DA:116,0
DA:117,5
DA:118,10
DA:119,10
DA:121,5
DA:122,5
DA:123,5
DA:124,5
DA:125,5
DA:126,5
DA:129,5
DA:130,5
DA:133,5
DA:134,5
DA:135,5
DA:136,5
DA:137,5
DA:138,5
DA:139,5
DA:141,5
DA:142,5
DA:143,10
DA:144,0
DA:145,0
DA:148,10
DA:149,10
DA:150,10
DA:151,10
DA:152,10
DA:153,10
DA:154,10
DA:157,5
DA:159,0
DA:166,4
DA:167,4
DA:168,4
DA:169,4
DA:171,4
DA:185,4
DA:187,4
DA:188,4
DA:190,244
DA:191,4
DA:192,4
DA:195,4
DA:196,4
DA:197,4
DA:198,4
DA:199,4
DA:202,4
DA:203,4
DA:205,4
DA:206,4
DA:207,4
DA:208,4
DA:209,4
DA:210,4
DA:211,4
DA:214,4
DA:215,4
DA:217,4
DA:218,4
DA:219,4
DA:220,4
DA:221,4
DA:222,4
DA:223,4
DA:225,4
DA:226,4
DA:227,4
DA:228,0
DA:229,0
DA:232,4
DA:233,4
DA:234,4
DA:235,4
DA:237,4
DA:238,4
DA:239,4
DA:240,4
DA:241,4
DA:242,4
DA:245,4
DA:247,0
LF:132
LH:123
BRDA:13,0,0,49
BRDA:13,0,1,0
BRDA:23,1,0,0
BRDA:34,2,0,2
BRDA:34,2,1,3
BRDA:38,3,0,2
BRDA:38,3,1,3
BRDA:54,4,0,8
BRDA:54,4,1,0
BRDA:71,5,0,0
BRDA:83,6,0,2
BRDA:83,6,1,3
BRDA:87,7,0,2
BRDA:87,7,1,3
BRDA:107,8,0,5
BRDA:107,8,1,0
BRDA:108,9,0,2
BRDA:108,9,1,3
BRDA:108,10,0,5
BRDA:108,10,1,3
BRDA:109,11,0,2
BRDA:109,11,1,0
BRDA:109,12,0,2
BRDA:109,12,1,0
BRDA:143,13,0,0
BRDA:143,13,1,10
BRDA:152,14,0,10
BRDA:152,14,1,0
BRDA:153,15,0,10
BRDA:153,15,1,0
BRDA:165,16,0,0
BRDA:197,17,0,4
BRDA:197,17,1,0
BRDA:210,18,0,4
BRDA:210,18,1,0
BRDA:227,19,0,0
BRDA:227,19,1,4
BRDA:235,20,0,4
BRDA:235,20,1,0
BRF:39
BRH:24
end_of_record
TN:
SF:services/notificationService.js
FN:4,createNotification
FN:18,createBillReminders
FN:72,createBudgetAlerts
FNF:3
FNH:3
FNDA:2,createNotification
FNDA:1,createBillReminders
FNDA:4,createBudgetAlerts
DA:5,2
DA:6,2
DA:10,2
DA:12,0
DA:13,0
DA:19,1
DA:20,1
DA:21,1
DA:22,1
DA:23,1
DA:24,1
DA:27,1
DA:40,1
DA:41,1
DA:43,0
DA:48,0
DA:49,0
DA:50,0
DA:51,0
DA:53,0
DA:60,0
DA:64,1
DA:66,0
DA:67,0
DA:73,4
DA:74,4
DA:75,4
DA:78,4
DA:100,4
DA:101,4
DA:102,9
DA:105,9
DA:106,5
DA:111,5
DA:112,2
DA:119,2
DA:121,4
DA:122,0
DA:127,0
DA:128,0
DA:135,0
DA:140,4
DA:142,0
DA:143,0
LF:44
LH:27
BRDA:45,0,0,0
BRDA:45,0,1,0
BRDA:48,1,0,0
BRDA:48,1,1,0
BRDA:50,2,0,0
BRDA:50,2,1,0
BRDA:50,3,0,0
BRDA:50,3,1,0
BRDA:51,4,0,0
BRDA:51,4,1,0
BRDA:105,5,0,5
BRDA:105,5,1,4
BRDA:111,6,0,2
BRDA:111,6,1,3
BRDA:121,7,0,0
BRDA:121,7,1,4
BRDA:127,8,0,0
BRDA:127,8,1,0
BRF:18
BRH:5
end_of_record
